Unable to capture context for thread 2004 in process 8348, can not generate back trace
Unable to capture context for thread 7468 in process 8348, can not generate back trace
Exception at PC 0x00007FF8904C4008
Unable to capture context for thread 4816 in process 8348, can not generate back trace
Unable to capture context for thread 3136 in process 8348, can not generate back trace
Unable to capture context for thread 9508 in process 8348, can not generate back trace
Unable to capture context for thread 4816 in process 8348, can not generate back trace
Unable to capture context for thread 3136 in process 8348, can not generate back trace
Unable to capture context for thread 9508 in process 8348, can not generate back trace
Exception at PC 0x00007FF8904C4008
Exception at PC 0x00007FF86C3BBB93
Printing stacktrace...

Exception at PC 0x00007FF8904C4008
Exception at PC 0x00007FF8904C4008
Exception at PC 0x00007FF8904C4008
Exception at PC 0x00007FF8904C4008
Exception at PC 0x00007FF8904C4008
Exception at PC 0x00007FF8904C4008
Exception at PC 0x00007FF8904C4008
Exception at PC 0x00007FF8904C4008
Exception at PC 0x00007FF8904C4008
Exception at PC 0x00007FF8904C4008
Exception at PC 0x00007FF8904C4008
Exception at PC 0x00007FF8904C4008
Exception at PC 0x00007FF8904C4008
Exception at PC 0x00007FF8904C4008
Exception at PC 0x00007FF8904C4008
Exception at PC 0x00007FF8904C4008
[0]  [0x00007FF86C3BBB93]
[1]  [0x00007FF86C3BBB93]
[2]  [0x00007FF86C3BB4A1]
[3]  [0x00007FF86C3BB3EF]
[4]  [0x00007FF86C3A19FE]
[5]  [0x00007FF86C3A0ED1]
[6]  [0x00007FF86C3A0D76]
[7]  [0x00007FF86C3479F6]
[8]  [0x00007FF86C337AFB]
[9]  [0x00007FF86C45E90A]
[10]  [0x00007FF86C479F87]
[11]  [0x00007FF86C47A05F]
[12] (BaseThreadInitThunk+0x14) [0x00007FF893331FE4]
[13] (RtlUserThreadStart+0x21) [0x00007FF89358EFC1]
Done
