
*** Running vivado
    with args -log AUDIO_FX_TOP.vds -m64 -mode batch -messageDb vivado.pb -notrace -source AUDIO_FX_TOP.tcl


****** Vivado v2016.2 (64-bit)
  **** SW Build 1577090 on Thu Jun  2 16:32:40 MDT 2016
  **** IP Build 1577682 on Fri Jun  3 12:00:54 MDT 2016
    ** Copyright 1986-2016 Xilinx, Inc. All Rights Reserved.

source AUDIO_FX_TOP.tcl -notrace
Command: synth_design -top AUDIO_FX_TOP -part xc7a35tcpg236-1
Starting synth_design
Attempting to get a license for feature 'Synthesis' and/or device 'xc7a35t'
INFO: [Common 17-349] Got license for feature 'Synthesis' and/or device 'xc7a35t'
INFO: Launching helper process for spawning children vivado processes
INFO: Helper process launched with PID 10984 
---------------------------------------------------------------------------------
Starting RTL Elaboration : Time (s): cpu = 00:00:05 ; elapsed = 00:00:06 . Memory (MB): peak = 273.039 ; gain = 65.625
---------------------------------------------------------------------------------
INFO: [Synth 8-638] synthesizing module 'AUDIO_FX_TOP' [C:/Users/Auora/Documents/tonedeaf/audio_effects.srcs/sources_1/new/AUDIO_FX_TOP.v:14]
INFO: [Synth 8-638] synthesizing module 'clk_gen' [C:/Users/Auora/Documents/tonedeaf/audio_effects.srcs/sources_1/new/clk_gen.v:23]
	Parameter CLK_DIV bound to: 2500 - type: integer 
INFO: [Synth 8-256] done synthesizing module 'clk_gen' (1#1) [C:/Users/Auora/Documents/tonedeaf/audio_effects.srcs/sources_1/new/clk_gen.v:23]
INFO: [Synth 8-638] synthesizing module 'clk_gen__parameterized0' [C:/Users/Auora/Documents/tonedeaf/audio_effects.srcs/sources_1/new/clk_gen.v:23]
	Parameter CLK_DIV bound to: 2 - type: integer 
INFO: [Synth 8-256] done synthesizing module 'clk_gen__parameterized0' (1#1) [C:/Users/Auora/Documents/tonedeaf/audio_effects.srcs/sources_1/new/clk_gen.v:23]
INFO: [Synth 8-638] synthesizing module 'SPI' [C:/Users/Auora/Documents/tonedeaf/audio_effects.srcs/sources_1/new/SPI.v:20]
INFO: [Synth 8-256] done synthesizing module 'SPI' (2#1) [C:/Users/Auora/Documents/tonedeaf/audio_effects.srcs/sources_1/new/SPI.v:20]
INFO: [Synth 8-638] synthesizing module 'pitch_shift' [C:/Users/Auora/Documents/tonedeaf/audio_effects.srcs/sources_1/new/pitch_shift.v:23]
INFO: [Synth 8-638] synthesizing module 'flag_gen' [C:/Users/Auora/Documents/tonedeaf/audio_effects.srcs/sources_1/new/flag_gen.v:23]
INFO: [Synth 8-256] done synthesizing module 'flag_gen' (3#1) [C:/Users/Auora/Documents/tonedeaf/audio_effects.srcs/sources_1/new/flag_gen.v:23]
INFO: [Synth 8-638] synthesizing module 'butter_filter' [C:/Users/Auora/Documents/tonedeaf/audio_effects.srcs/sources_1/new/butter_filter.v:23]
INFO: [Synth 8-638] synthesizing module 'signed_mult' [C:/Users/Auora/Documents/tonedeaf/audio_effects.srcs/sources_1/new/butter_filter.v:223]
INFO: [Synth 8-256] done synthesizing module 'signed_mult' (4#1) [C:/Users/Auora/Documents/tonedeaf/audio_effects.srcs/sources_1/new/butter_filter.v:223]
WARNING: [Synth 8-387] label required on module instance [C:/Users/Auora/Documents/tonedeaf/audio_effects.srcs/sources_1/new/butter_filter.v:65]
INFO: [Synth 8-638] synthesizing module 'to_fixedpt' [C:/Users/Auora/Documents/tonedeaf/audio_effects.srcs/sources_1/new/butter_filter.v:236]
INFO: [Synth 8-256] done synthesizing module 'to_fixedpt' (5#1) [C:/Users/Auora/Documents/tonedeaf/audio_effects.srcs/sources_1/new/butter_filter.v:236]
WARNING: [Synth 8-387] label required on module instance [C:/Users/Auora/Documents/tonedeaf/audio_effects.srcs/sources_1/new/butter_filter.v:66]
INFO: [Synth 8-638] synthesizing module 'reverse_fixedpt' [C:/Users/Auora/Documents/tonedeaf/audio_effects.srcs/sources_1/new/butter_filter.v:245]
INFO: [Synth 8-256] done synthesizing module 'reverse_fixedpt' (6#1) [C:/Users/Auora/Documents/tonedeaf/audio_effects.srcs/sources_1/new/butter_filter.v:245]
INFO: [Synth 8-256] done synthesizing module 'butter_filter' (7#1) [C:/Users/Auora/Documents/tonedeaf/audio_effects.srcs/sources_1/new/butter_filter.v:23]
INFO: [Synth 8-638] synthesizing module 'pitch_buffer' [C:/Users/Auora/Documents/tonedeaf/audio_effects.srcs/sources_1/new/buffers.v:23]
	Parameter WR_OFFSET bound to: 0 - type: integer 
	Parameter SIZE bound to: 1024 - type: integer 
INFO: [Synth 8-256] done synthesizing module 'pitch_buffer' (8#1) [C:/Users/Auora/Documents/tonedeaf/audio_effects.srcs/sources_1/new/buffers.v:23]
INFO: [Synth 8-638] synthesizing module 'pitch_buffer__parameterized0' [C:/Users/Auora/Documents/tonedeaf/audio_effects.srcs/sources_1/new/buffers.v:23]
	Parameter WR_OFFSET bound to: 512 - type: integer 
	Parameter SIZE bound to: 1024 - type: integer 
INFO: [Synth 8-256] done synthesizing module 'pitch_buffer__parameterized0' (8#1) [C:/Users/Auora/Documents/tonedeaf/audio_effects.srcs/sources_1/new/buffers.v:23]
WARNING: [Synth 8-3936] Found unconnected internal register 'buf_out_reg' and it is trimmed from '13' to '12' bits. [C:/Users/Auora/Documents/tonedeaf/audio_effects.srcs/sources_1/new/pitch_shift.v:40]
INFO: [Synth 8-256] done synthesizing module 'pitch_shift' (9#1) [C:/Users/Auora/Documents/tonedeaf/audio_effects.srcs/sources_1/new/pitch_shift.v:23]
INFO: [Synth 8-638] synthesizing module 'DA2RefComp' [C:/Users/Auora/Documents/tonedeaf/audio_effects.srcs/sources_1/imports/audio_effects.srcs/DA2CompRef.vhd:59]
INFO: [Synth 8-256] done synthesizing module 'DA2RefComp' (10#1) [C:/Users/Auora/Documents/tonedeaf/audio_effects.srcs/sources_1/imports/audio_effects.srcs/DA2CompRef.vhd:59]
WARNING: [Synth 8-3848] Net led in module/entity AUDIO_FX_TOP does not have driver. [C:/Users/Auora/Documents/tonedeaf/audio_effects.srcs/sources_1/new/AUDIO_FX_TOP.v:30]
INFO: [Synth 8-256] done synthesizing module 'AUDIO_FX_TOP' (11#1) [C:/Users/Auora/Documents/tonedeaf/audio_effects.srcs/sources_1/new/AUDIO_FX_TOP.v:14]
WARNING: [Synth 8-3331] design reverse_fixedpt has unconnected port a[31]
WARNING: [Synth 8-3331] design reverse_fixedpt has unconnected port a[18]
WARNING: [Synth 8-3331] design reverse_fixedpt has unconnected port a[17]
WARNING: [Synth 8-3331] design reverse_fixedpt has unconnected port a[16]
WARNING: [Synth 8-3331] design reverse_fixedpt has unconnected port a[15]
WARNING: [Synth 8-3331] design reverse_fixedpt has unconnected port a[14]
WARNING: [Synth 8-3331] design reverse_fixedpt has unconnected port a[13]
WARNING: [Synth 8-3331] design reverse_fixedpt has unconnected port a[12]
WARNING: [Synth 8-3331] design reverse_fixedpt has unconnected port a[11]
WARNING: [Synth 8-3331] design reverse_fixedpt has unconnected port a[10]
WARNING: [Synth 8-3331] design reverse_fixedpt has unconnected port a[9]
WARNING: [Synth 8-3331] design reverse_fixedpt has unconnected port a[8]
WARNING: [Synth 8-3331] design reverse_fixedpt has unconnected port a[7]
WARNING: [Synth 8-3331] design reverse_fixedpt has unconnected port a[6]
WARNING: [Synth 8-3331] design reverse_fixedpt has unconnected port a[5]
WARNING: [Synth 8-3331] design reverse_fixedpt has unconnected port a[4]
WARNING: [Synth 8-3331] design reverse_fixedpt has unconnected port a[3]
WARNING: [Synth 8-3331] design reverse_fixedpt has unconnected port a[2]
WARNING: [Synth 8-3331] design reverse_fixedpt has unconnected port a[1]
WARNING: [Synth 8-3331] design reverse_fixedpt has unconnected port a[0]
WARNING: [Synth 8-3331] design AUDIO_FX_TOP has unconnected port led[7]
WARNING: [Synth 8-3331] design AUDIO_FX_TOP has unconnected port led[6]
WARNING: [Synth 8-3331] design AUDIO_FX_TOP has unconnected port led[5]
WARNING: [Synth 8-3331] design AUDIO_FX_TOP has unconnected port led[4]
WARNING: [Synth 8-3331] design AUDIO_FX_TOP has unconnected port led[3]
WARNING: [Synth 8-3331] design AUDIO_FX_TOP has unconnected port led[2]
WARNING: [Synth 8-3331] design AUDIO_FX_TOP has unconnected port led[1]
WARNING: [Synth 8-3331] design AUDIO_FX_TOP has unconnected port led[0]
WARNING: [Synth 8-3331] design AUDIO_FX_TOP has unconnected port octave_sw
WARNING: [Synth 8-3331] design AUDIO_FX_TOP has unconnected port sw_sel[7]
WARNING: [Synth 8-3331] design AUDIO_FX_TOP has unconnected port sw_sel[6]
WARNING: [Synth 8-3331] design AUDIO_FX_TOP has unconnected port sw_sel[5]
WARNING: [Synth 8-3331] design AUDIO_FX_TOP has unconnected port RsRx
---------------------------------------------------------------------------------
Finished RTL Elaboration : Time (s): cpu = 00:00:06 ; elapsed = 00:00:07 . Memory (MB): peak = 309.453 ; gain = 102.039
---------------------------------------------------------------------------------

Report Check Netlist: 
+------+------------------+-------+---------+-------+------------------+
|      |Item              |Errors |Warnings |Status |Description       |
+------+------------------+-------+---------+-------+------------------+
|1     |multi_driven_nets |      0|        0|Passed |Multi driven nets |
+------+------------------+-------+---------+-------+------------------+
WARNING: [Synth 8-3295] tying undriven pin u2:DATA2[11] to constant 0 [C:/Users/Auora/Documents/tonedeaf/audio_effects.srcs/sources_1/new/AUDIO_FX_TOP.v:74]
WARNING: [Synth 8-3295] tying undriven pin u2:DATA2[10] to constant 0 [C:/Users/Auora/Documents/tonedeaf/audio_effects.srcs/sources_1/new/AUDIO_FX_TOP.v:74]
WARNING: [Synth 8-3295] tying undriven pin u2:DATA2[9] to constant 0 [C:/Users/Auora/Documents/tonedeaf/audio_effects.srcs/sources_1/new/AUDIO_FX_TOP.v:74]
WARNING: [Synth 8-3295] tying undriven pin u2:DATA2[8] to constant 0 [C:/Users/Auora/Documents/tonedeaf/audio_effects.srcs/sources_1/new/AUDIO_FX_TOP.v:74]
WARNING: [Synth 8-3295] tying undriven pin u2:DATA2[7] to constant 0 [C:/Users/Auora/Documents/tonedeaf/audio_effects.srcs/sources_1/new/AUDIO_FX_TOP.v:74]
WARNING: [Synth 8-3295] tying undriven pin u2:DATA2[6] to constant 0 [C:/Users/Auora/Documents/tonedeaf/audio_effects.srcs/sources_1/new/AUDIO_FX_TOP.v:74]
WARNING: [Synth 8-3295] tying undriven pin u2:DATA2[5] to constant 0 [C:/Users/Auora/Documents/tonedeaf/audio_effects.srcs/sources_1/new/AUDIO_FX_TOP.v:74]
WARNING: [Synth 8-3295] tying undriven pin u2:DATA2[4] to constant 0 [C:/Users/Auora/Documents/tonedeaf/audio_effects.srcs/sources_1/new/AUDIO_FX_TOP.v:74]
WARNING: [Synth 8-3295] tying undriven pin u2:DATA2[3] to constant 0 [C:/Users/Auora/Documents/tonedeaf/audio_effects.srcs/sources_1/new/AUDIO_FX_TOP.v:74]
WARNING: [Synth 8-3295] tying undriven pin u2:DATA2[2] to constant 0 [C:/Users/Auora/Documents/tonedeaf/audio_effects.srcs/sources_1/new/AUDIO_FX_TOP.v:74]
WARNING: [Synth 8-3295] tying undriven pin u2:DATA2[1] to constant 0 [C:/Users/Auora/Documents/tonedeaf/audio_effects.srcs/sources_1/new/AUDIO_FX_TOP.v:74]
WARNING: [Synth 8-3295] tying undriven pin u2:DATA2[0] to constant 0 [C:/Users/Auora/Documents/tonedeaf/audio_effects.srcs/sources_1/new/AUDIO_FX_TOP.v:74]
---------------------------------------------------------------------------------
Finished RTL Optimization Phase 1 : Time (s): cpu = 00:00:06 ; elapsed = 00:00:07 . Memory (MB): peak = 309.453 ; gain = 102.039
---------------------------------------------------------------------------------
INFO: [Device 21-403] Loading part xc7a35tcpg236-1
INFO: [Project 1-570] Preparing netlist for logic optimization

Processing XDC Constraints
Initializing timing engine
Parsing XDC File [C:/Users/Auora/Documents/tonedeaf/audio_effects.srcs/constrs_1/imports/Learn/Basys3_Master.xdc]
Finished Parsing XDC File [C:/Users/Auora/Documents/tonedeaf/audio_effects.srcs/constrs_1/imports/Learn/Basys3_Master.xdc]
INFO: [Project 1-236] Implementation specific constraints were found while reading constraint file [C:/Users/Auora/Documents/tonedeaf/audio_effects.srcs/constrs_1/imports/Learn/Basys3_Master.xdc]. These constraints will be ignored for synthesis but will be used in implementation. Impacted constraints are listed in the file [.Xil/AUDIO_FX_TOP_propImpl.xdc].
Resolution: To avoid this warning, move constraints listed in [.Xil/AUDIO_FX_TOP_propImpl.xdc] to another XDC file and exclude this new file from synthesis with the used_in_synthesis property (File Properties dialog in GUI) and re-run elaboration/synthesis.
Completed Processing XDC Constraints

INFO: [Project 1-111] Unisim Transformation Summary:
No Unisim elements were transformed.

Constraint Validation Runtime : Time (s): cpu = 00:00:00 ; elapsed = 00:00:00.008 . Memory (MB): peak = 600.836 ; gain = 0.000
---------------------------------------------------------------------------------
Finished Constraint Validation : Time (s): cpu = 00:00:15 ; elapsed = 00:00:17 . Memory (MB): peak = 600.836 ; gain = 393.422
---------------------------------------------------------------------------------
---------------------------------------------------------------------------------
Start Loading Part and Timing Information
---------------------------------------------------------------------------------
Loading part: xc7a35tcpg236-1
---------------------------------------------------------------------------------
Finished Loading Part and Timing Information : Time (s): cpu = 00:00:15 ; elapsed = 00:00:17 . Memory (MB): peak = 600.836 ; gain = 393.422
---------------------------------------------------------------------------------
---------------------------------------------------------------------------------
Start Applying 'set_property' XDC Constraints
---------------------------------------------------------------------------------
---------------------------------------------------------------------------------
Finished applying 'set_property' XDC Constraints : Time (s): cpu = 00:00:15 ; elapsed = 00:00:17 . Memory (MB): peak = 600.836 ; gain = 393.422
---------------------------------------------------------------------------------
INFO: [Synth 8-802] inferred FSM for state register 'state_reg' in module 'butter_filter'
INFO: [Synth 8-5544] ROM "state" won't be mapped to Block RAM because address size (4) smaller than threshold (5)
INFO: [Synth 8-5544] ROM "f1_val" won't be mapped to Block RAM because address size (4) smaller than threshold (5)
INFO: [Synth 8-5544] ROM "x_n" won't be mapped to Block RAM because address size (4) smaller than threshold (5)
INFO: [Synth 8-5544] ROM "x_n1" won't be mapped to Block RAM because address size (4) smaller than threshold (5)
INFO: [Synth 8-5544] ROM "state" won't be mapped to Block RAM because address size (1) smaller than threshold (5)
INFO: [Synth 8-802] inferred FSM for state register 'current_state_reg' in module 'DA2RefComp'
INFO: [Synth 8-5544] ROM "DONE" won't be mapped to Block RAM because address size (2) smaller than threshold (5)
---------------------------------------------------------------------------------------------------
                   State |                     New Encoding |                Previous Encoding 
---------------------------------------------------------------------------------------------------
                iSTATE13 |                             0000 |                             1111
                  iSTATE |                             0001 |                             0001
                 iSTATE0 |                             0010 |                             0010
                 iSTATE1 |                             0011 |                             0011
                 iSTATE2 |                             0100 |                             0100
                 iSTATE3 |                             0101 |                             0101
                 iSTATE4 |                             0110 |                             0110
                 iSTATE5 |                             0111 |                             0111
                 iSTATE6 |                             1000 |                             1000
                 iSTATE7 |                             1001 |                             1001
                 iSTATE8 |                             1010 |                             1010
                 iSTATE9 |                             1011 |                             1011
                iSTATE10 |                             1100 |                             1100
                iSTATE11 |                             1101 |                             1101
                iSTATE12 |                             1110 |                             1110
---------------------------------------------------------------------------------------------------
INFO: [Synth 8-3354] encoded FSM with state register 'state_reg' using encoding 'sequential' in module 'butter_filter'
---------------------------------------------------------------------------------------------------
                   State |                     New Encoding |                Previous Encoding 
---------------------------------------------------------------------------------------------------
                    idle |                               00 |                               00
                shiftout |                               01 |                               01
                syncdata |                               10 |                               10
                  iSTATE |                               11 |                               11
*
---------------------------------------------------------------------------------------------------
INFO: [Synth 8-3354] encoded FSM with state register 'current_state_reg' using encoding 'sequential' in module 'DA2RefComp'
---------------------------------------------------------------------------------
Finished RTL Optimization Phase 2 : Time (s): cpu = 00:00:15 ; elapsed = 00:00:17 . Memory (MB): peak = 600.836 ; gain = 393.422
---------------------------------------------------------------------------------

Report RTL Partitions: 
+-+--------------+------------+----------+
| |RTL Partition |Replication |Instances |
+-+--------------+------------+----------+
+-+--------------+------------+----------+
---------------------------------------------------------------------------------
Start RTL Component Statistics 
---------------------------------------------------------------------------------
Detailed RTL Component Info : 
+---Adders : 
	   2 Input     64 Bit       Adders := 1     
	   2 Input     32 Bit       Adders := 1     
	   2 Input     13 Bit       Adders := 1     
	   2 Input     12 Bit       Adders := 2     
	   2 Input     10 Bit       Adders := 2     
	   2 Input      4 Bit       Adders := 1     
+---Registers : 
	               32 Bit    Registers := 17    
	               16 Bit    Registers := 2     
	               12 Bit    Registers := 4     
	               10 Bit    Registers := 2     
	                4 Bit    Registers := 1     
	                1 Bit    Registers := 4     
+---RAMs : 
	              12K Bit         RAMs := 2     
+---Muxes : 
	  15 Input     32 Bit        Muxes := 3     
	   2 Input     16 Bit        Muxes := 2     
	   2 Input     12 Bit        Muxes := 1     
	  16 Input      4 Bit        Muxes := 1     
	   5 Input      2 Bit        Muxes := 1     
	  15 Input      1 Bit        Muxes := 5     
	   3 Input      1 Bit        Muxes := 2     
	   2 Input      1 Bit        Muxes := 2     
	   4 Input      1 Bit        Muxes := 1     
---------------------------------------------------------------------------------
Finished RTL Component Statistics 
---------------------------------------------------------------------------------
---------------------------------------------------------------------------------
Start RTL Hierarchical Component Statistics 
---------------------------------------------------------------------------------
Hierarchical RTL Component report 
Module SPI 
Detailed RTL Component Info : 
+---Registers : 
	               12 Bit    Registers := 1     
	                1 Bit    Registers := 1     
Module flag_gen 
Detailed RTL Component Info : 
+---Registers : 
	                1 Bit    Registers := 3     
Module signed_mult 
Detailed RTL Component Info : 
+---Adders : 
	   2 Input     64 Bit       Adders := 1     
Module butter_filter 
Detailed RTL Component Info : 
+---Adders : 
	   2 Input     32 Bit       Adders := 1     
+---Registers : 
	               32 Bit    Registers := 17    
+---Muxes : 
	  15 Input     32 Bit        Muxes := 3     
	  16 Input      4 Bit        Muxes := 1     
	  15 Input      1 Bit        Muxes := 5     
Module pitch_buffer 
Detailed RTL Component Info : 
+---Adders : 
	   2 Input     12 Bit       Adders := 1     
	   2 Input     10 Bit       Adders := 1     
+---Registers : 
	               12 Bit    Registers := 1     
	               10 Bit    Registers := 1     
+---RAMs : 
	              12K Bit         RAMs := 1     
Module pitch_buffer__parameterized0 
Detailed RTL Component Info : 
+---Adders : 
	   2 Input     12 Bit       Adders := 1     
	   2 Input     10 Bit       Adders := 1     
+---Registers : 
	               12 Bit    Registers := 1     
	               10 Bit    Registers := 1     
+---RAMs : 
	              12K Bit         RAMs := 1     
Module pitch_shift 
Detailed RTL Component Info : 
+---Adders : 
	   2 Input     13 Bit       Adders := 1     
+---Registers : 
	               12 Bit    Registers := 1     
+---Muxes : 
	   2 Input     12 Bit        Muxes := 1     
Module DA2RefComp 
Detailed RTL Component Info : 
+---Adders : 
	   2 Input      4 Bit       Adders := 1     
+---Registers : 
	               16 Bit    Registers := 2     
	                4 Bit    Registers := 1     
+---Muxes : 
	   2 Input     16 Bit        Muxes := 2     
	   5 Input      2 Bit        Muxes := 1     
	   3 Input      1 Bit        Muxes := 2     
	   2 Input      1 Bit        Muxes := 2     
	   4 Input      1 Bit        Muxes := 1     
---------------------------------------------------------------------------------
Finished RTL Hierarchical Component Statistics
---------------------------------------------------------------------------------
---------------------------------------------------------------------------------
Start Part Resource Summary
---------------------------------------------------------------------------------
Part Resources:
DSPs: 90 (col length:60)
BRAMs: 100 (col length: RAMB18 60 RAMB36 30)
---------------------------------------------------------------------------------
Finished Part Resource Summary
---------------------------------------------------------------------------------
Start Parallel Synthesis Optimization  : Time (s): cpu = 00:00:15 ; elapsed = 00:00:18 . Memory (MB): peak = 600.836 ; gain = 393.422
---------------------------------------------------------------------------------
Start Cross Boundary Optimization
---------------------------------------------------------------------------------
DSP Report: Generating DSP buf2/filt1/mult1/multi_out, operation Mode is: A2*B.
DSP Report: register A is absorbed into DSP buf2/filt1/mult1/multi_out.
DSP Report: operator buf2/filt1/mult1/multi_out is absorbed into DSP buf2/filt1/mult1/multi_out.
DSP Report: operator buf2/filt1/mult1/multi_out is absorbed into DSP buf2/filt1/mult1/multi_out.
DSP Report: Generating DSP buf2/filt1/mult1/multi_out, operation Mode is: (PCIN>>17)+A*B.
DSP Report: operator buf2/filt1/mult1/multi_out is absorbed into DSP buf2/filt1/mult1/multi_out.
DSP Report: operator buf2/filt1/mult1/multi_out is absorbed into DSP buf2/filt1/mult1/multi_out.
DSP Report: Generating DSP buf2/filt1/mult1/multi_out, operation Mode is: A2*B2.
DSP Report: register B is absorbed into DSP buf2/filt1/mult1/multi_out.
DSP Report: register A is absorbed into DSP buf2/filt1/mult1/multi_out.
DSP Report: operator buf2/filt1/mult1/multi_out is absorbed into DSP buf2/filt1/mult1/multi_out.
DSP Report: operator buf2/filt1/mult1/multi_out is absorbed into DSP buf2/filt1/mult1/multi_out.
DSP Report: Generating DSP buf2/filt1/mult1/multi_out, operation Mode is: (PCIN>>17)+A2*B.
DSP Report: register A is absorbed into DSP buf2/filt1/mult1/multi_out.
DSP Report: operator buf2/filt1/mult1/multi_out is absorbed into DSP buf2/filt1/mult1/multi_out.
DSP Report: operator buf2/filt1/mult1/multi_out is absorbed into DSP buf2/filt1/mult1/multi_out.
WARNING: [Synth 8-3331] design AUDIO_FX_TOP has unconnected port led[7]
WARNING: [Synth 8-3331] design AUDIO_FX_TOP has unconnected port led[6]
WARNING: [Synth 8-3331] design AUDIO_FX_TOP has unconnected port led[5]
WARNING: [Synth 8-3331] design AUDIO_FX_TOP has unconnected port led[4]
WARNING: [Synth 8-3331] design AUDIO_FX_TOP has unconnected port led[3]
WARNING: [Synth 8-3331] design AUDIO_FX_TOP has unconnected port led[2]
WARNING: [Synth 8-3331] design AUDIO_FX_TOP has unconnected port led[1]
WARNING: [Synth 8-3331] design AUDIO_FX_TOP has unconnected port led[0]
WARNING: [Synth 8-3331] design AUDIO_FX_TOP has unconnected port octave_sw
WARNING: [Synth 8-3331] design AUDIO_FX_TOP has unconnected port sw_sel[7]
WARNING: [Synth 8-3331] design AUDIO_FX_TOP has unconnected port sw_sel[6]
WARNING: [Synth 8-3331] design AUDIO_FX_TOP has unconnected port sw_sel[5]
WARNING: [Synth 8-3331] design AUDIO_FX_TOP has unconnected port RsRx
---------------------------------------------------------------------------------
Finished Cross Boundary Optimization : Time (s): cpu = 00:00:16 ; elapsed = 00:00:18 . Memory (MB): peak = 600.836 ; gain = 393.422
---------------------------------------------------------------------------------
Finished Parallel Reinference  : Time (s): cpu = 00:00:16 ; elapsed = 00:00:18 . Memory (MB): peak = 600.836 ; gain = 393.422

Report RTL Partitions: 
+-+--------------+------------+----------+
| |RTL Partition |Replication |Instances |
+-+--------------+------------+----------+
+-+--------------+------------+----------+
---------------------------------------------------------------------------------
Start ROM, RAM, DSP and Shift Register Reporting
---------------------------------------------------------------------------------

Block RAM: Preliminary Mapping  Report (see note below)
+-------------+------------+------------------------+---+---+------------------------+---+---+------------------+--------+--------+
|Module Name  | RTL Object | PORT A (Depth x Width) | W | R | PORT B (Depth x Width) | W | R | Ports driving FF | RAMB18 | RAMB36 | 
+-------------+------------+------------------------+---+---+------------------------+---+---+------------------+--------+--------+
|pitch_buffer | buffer_reg | 1 K x 12(READ_FIRST)   | W |   | 1 K x 12(WRITE_FIRST)  |   | R | Port A and B     | 1      | 0      | 
|pitch_buffer | buffer_reg | 1 K x 12(READ_FIRST)   | W |   | 1 K x 12(WRITE_FIRST)  |   | R | Port A and B     | 1      | 0      | 
+-------------+------------+------------------------+---+---+------------------------+---+---+------------------+--------+--------+

Note: The table above is a preliminary report that shows the Block RAMs at the current stage of the synthesis flow. Some Block RAMs may be reimplemented as non Block RAM primitives later in the synthesis flow. Multiple instantiated Block RAMs are reported only once. 

DSP: Preliminary Mapping  Report (see note below)
+-------------+-----------------+--------+--------+--------+--------+--------+------+------+------+------+-------+------+------+
|Module Name  | DSP Mapping     | A Size | B Size | C Size | D Size | P Size | AREG | BREG | CREG | DREG | ADREG | MREG | PREG | 
+-------------+-----------------+--------+--------+--------+--------+--------+------+------+------+------+-------+------+------+
|AUDIO_FX_TOP | A2*B            | 18     | 15     | -      | -      | 48     | 1    | 0    | -    | -    | -     | 0    | 0    | 
|signed_mult  | (PCIN>>17)+A*B  | 15     | 15     | -      | -      | 30     | 0    | 0    | -    | -    | -     | 0    | 0    | 
|AUDIO_FX_TOP | A2*B2           | 18     | 18     | -      | -      | 48     | 1    | 1    | -    | -    | -     | 0    | 0    | 
|AUDIO_FX_TOP | (PCIN>>17)+A2*B | 18     | 15     | -      | -      | 47     | 1    | 0    | -    | -    | -     | 0    | 0    | 
+-------------+-----------------+--------+--------+--------+--------+--------+------+------+------+------+-------+------+------+

Note: The table above is a preliminary report that shows the DSPs inferred at the current stage of the synthesis flow. Some DSP may be reimplemented as non DSP primitives later in the synthesis flow. Multiple instantiated DSPs are reported only once.
---------------------------------------------------------------------------------
Finished ROM, RAM, DSP and Shift Register Reporting
---------------------------------------------------------------------------------
---------------------------------------------------------------------------------
Start Area Optimization
---------------------------------------------------------------------------------
INFO: [Synth 8-3886] merging instance 'buf2/filt1/x_n_reg[17]' (FDRE) to 'buf2/filt1/x_n_reg[0]'
INFO: [Synth 8-3886] merging instance 'buf2/filt1/x_n_reg[18]' (FDRE) to 'buf2/filt1/x_n_reg[0]'
INFO: [Synth 8-3886] merging instance 'buf2/filt1/x_n_reg[31]' (FDRE) to 'buf2/filt1/x_n_reg[0]'
INFO: [Synth 8-3886] merging instance 'buf2/filt1/x_n_reg[0]' (FDRE) to 'buf2/filt1/x_n_reg[1]'
INFO: [Synth 8-3886] merging instance 'buf2/filt1/x_n_reg[1]' (FDRE) to 'buf2/filt1/x_n_reg[2]'
INFO: [Synth 8-3886] merging instance 'buf2/filt1/x_n_reg[2]' (FDRE) to 'buf2/filt1/x_n_reg[3]'
INFO: [Synth 8-3886] merging instance 'buf2/filt1/x_n_reg[3]' (FDRE) to 'buf2/filt1/x_n_reg[4]'
INFO: [Synth 8-3886] merging instance 'buf2/filt1/x_n_reg[4]' (FDRE) to 'buf2/filt1/x_n_reg[5]'
INFO: [Synth 8-3886] merging instance 'buf2/filt1/x_n_reg[5]' (FDRE) to 'buf2/filt1/x_n_reg[6]'
INFO: [Synth 8-3886] merging instance 'buf2/filt1/x_n_reg[6]' (FDRE) to 'buf2/filt1/x_n_reg[7]'
INFO: [Synth 8-3886] merging instance 'buf2/filt1/x_n_reg[7]' (FDRE) to 'buf2/filt1/x_n_reg[8]'
INFO: [Synth 8-3886] merging instance 'buf2/filt1/x_n_reg[8]' (FDRE) to 'buf2/filt1/x_n_reg[9]'
INFO: [Synth 8-3886] merging instance 'buf2/filt1/x_n_reg[9]' (FDRE) to 'buf2/filt1/x_n_reg[10]'
INFO: [Synth 8-3886] merging instance 'buf2/filt1/x_n_reg[10]' (FDRE) to 'buf2/filt1/x_n_reg[11]'
INFO: [Synth 8-3886] merging instance 'buf2/filt1/x_n_reg[11]' (FDRE) to 'buf2/filt1/x_n_reg[12]'
INFO: [Synth 8-3886] merging instance 'buf2/filt1/x_n_reg[12]' (FDRE) to 'buf2/filt1/x_n_reg[13]'
INFO: [Synth 8-3886] merging instance 'buf2/filt1/x_n_reg[13]' (FDRE) to 'buf2/filt1/x_n_reg[14]'
INFO: [Synth 8-3886] merging instance 'buf2/filt1/x_n_reg[14]' (FDRE) to 'buf2/filt1/x_n_reg[15]'
INFO: [Synth 8-3886] merging instance 'buf2/filt1/x_n_reg[15]' (FDRE) to 'buf2/filt1/x_n_reg[16]'
INFO: [Synth 8-3333] propagating constant 0 across sequential element (\buf2/filt1/x_n_reg[16] )
INFO: [Synth 8-3886] merging instance 'buf2/filt1/x_n1_reg[17]' (FDRE) to 'buf2/filt1/x_n1_reg[0]'
INFO: [Synth 8-3886] merging instance 'buf2/filt1/x_n1_reg[18]' (FDRE) to 'buf2/filt1/x_n1_reg[0]'
INFO: [Synth 8-3886] merging instance 'buf2/filt1/x_n1_reg[31]' (FDRE) to 'buf2/filt1/x_n1_reg[0]'
INFO: [Synth 8-3886] merging instance 'buf2/filt1/x_n2_reg[0]' (FDRE) to 'buf2/filt1/x_n2_reg[17]'
INFO: [Synth 8-3886] merging instance 'buf2/filt1/x_n1_reg[0]' (FDRE) to 'buf2/filt1/x_n1_reg[1]'
INFO: [Synth 8-3886] merging instance 'buf2/filt1/x_n2_reg[1]' (FDRE) to 'buf2/filt1/x_n2_reg[17]'
INFO: [Synth 8-3886] merging instance 'buf2/filt1/x_n1_reg[1]' (FDRE) to 'buf2/filt1/x_n1_reg[2]'
INFO: [Synth 8-3886] merging instance 'buf2/filt1/x_n2_reg[2]' (FDRE) to 'buf2/filt1/x_n2_reg[17]'
INFO: [Synth 8-3886] merging instance 'buf2/filt1/x_n1_reg[2]' (FDRE) to 'buf2/filt1/x_n1_reg[3]'
INFO: [Synth 8-3886] merging instance 'buf2/filt1/x_n2_reg[3]' (FDRE) to 'buf2/filt1/x_n2_reg[17]'
INFO: [Synth 8-3886] merging instance 'buf2/filt1/x_n1_reg[3]' (FDRE) to 'buf2/filt1/x_n1_reg[4]'
INFO: [Synth 8-3886] merging instance 'buf2/filt1/x_n2_reg[4]' (FDRE) to 'buf2/filt1/x_n2_reg[17]'
INFO: [Synth 8-3886] merging instance 'buf2/filt1/x_n1_reg[4]' (FDRE) to 'buf2/filt1/x_n1_reg[5]'
INFO: [Synth 8-3886] merging instance 'buf2/filt1/x_n2_reg[5]' (FDRE) to 'buf2/filt1/x_n2_reg[17]'
INFO: [Synth 8-3886] merging instance 'buf2/filt1/x_n1_reg[5]' (FDRE) to 'buf2/filt1/x_n1_reg[6]'
INFO: [Synth 8-3886] merging instance 'buf2/filt1/x_n2_reg[6]' (FDRE) to 'buf2/filt1/x_n2_reg[17]'
INFO: [Synth 8-3886] merging instance 'buf2/filt1/x_n1_reg[6]' (FDRE) to 'buf2/filt1/x_n1_reg[7]'
INFO: [Synth 8-3886] merging instance 'buf2/filt1/x_n2_reg[7]' (FDRE) to 'buf2/filt1/x_n2_reg[17]'
INFO: [Synth 8-3886] merging instance 'buf2/filt1/x_n1_reg[7]' (FDRE) to 'buf2/filt1/x_n1_reg[8]'
INFO: [Synth 8-3886] merging instance 'buf2/filt1/x_n2_reg[8]' (FDRE) to 'buf2/filt1/x_n2_reg[17]'
INFO: [Synth 8-3886] merging instance 'buf2/filt1/x_n1_reg[8]' (FDRE) to 'buf2/filt1/x_n1_reg[9]'
INFO: [Synth 8-3886] merging instance 'buf2/filt1/x_n2_reg[9]' (FDRE) to 'buf2/filt1/x_n2_reg[17]'
INFO: [Synth 8-3886] merging instance 'buf2/filt1/x_n1_reg[9]' (FDRE) to 'buf2/filt1/x_n1_reg[10]'
INFO: [Synth 8-3886] merging instance 'buf2/filt1/x_n2_reg[10]' (FDRE) to 'buf2/filt1/x_n2_reg[17]'
INFO: [Synth 8-3886] merging instance 'buf2/filt1/x_n1_reg[10]' (FDRE) to 'buf2/filt1/x_n1_reg[11]'
INFO: [Synth 8-3886] merging instance 'buf2/filt1/x_n2_reg[11]' (FDRE) to 'buf2/filt1/x_n2_reg[17]'
INFO: [Synth 8-3886] merging instance 'buf2/filt1/x_n1_reg[11]' (FDRE) to 'buf2/filt1/x_n1_reg[12]'
INFO: [Synth 8-3886] merging instance 'buf2/filt1/x_n2_reg[12]' (FDRE) to 'buf2/filt1/x_n2_reg[17]'
INFO: [Synth 8-3886] merging instance 'buf2/filt1/x_n1_reg[12]' (FDRE) to 'buf2/filt1/x_n1_reg[13]'
INFO: [Synth 8-3886] merging instance 'buf2/filt1/x_n2_reg[13]' (FDRE) to 'buf2/filt1/x_n2_reg[17]'
INFO: [Synth 8-3886] merging instance 'buf2/filt1/x_n1_reg[13]' (FDRE) to 'buf2/filt1/x_n1_reg[14]'
INFO: [Synth 8-3886] merging instance 'buf2/filt1/x_n2_reg[14]' (FDRE) to 'buf2/filt1/x_n2_reg[17]'
INFO: [Synth 8-3886] merging instance 'buf2/filt1/x_n1_reg[14]' (FDRE) to 'buf2/filt1/x_n1_reg[15]'
INFO: [Synth 8-3886] merging instance 'buf2/filt1/x_n2_reg[15]' (FDRE) to 'buf2/filt1/x_n2_reg[17]'
INFO: [Synth 8-3886] merging instance 'buf2/filt1/x_n1_reg[15]' (FDRE) to 'buf2/filt1/x_n1_reg[16]'
INFO: [Synth 8-3886] merging instance 'buf2/filt1/x_n2_reg[16]' (FDRE) to 'buf2/filt1/x_n2_reg[17]'
INFO: [Synth 8-3886] merging instance 'buf2/filt1/f1_coeff_reg[0]' (FDRE) to 'buf2/filt1/f1_coeff_reg[18]'
INFO: [Synth 8-3886] merging instance 'buf2/filt1/f1_coeff_reg[24]' (FDRE) to 'buf2/filt1/f1_coeff_reg[25]'
INFO: [Synth 8-3886] merging instance 'buf2/filt1/f1_coeff_reg[25]' (FDRE) to 'buf2/filt1/f1_coeff_reg[26]'
INFO: [Synth 8-3886] merging instance 'buf2/filt1/f1_coeff_reg[26]' (FDRE) to 'buf2/filt1/f1_coeff_reg[27]'
INFO: [Synth 8-3886] merging instance 'buf2/filt1/f1_coeff_reg[27]' (FDRE) to 'buf2/filt1/f1_coeff_reg[28]'
INFO: [Synth 8-3886] merging instance 'buf2/filt1/f1_coeff_reg[28]' (FDRE) to 'buf2/filt1/f1_coeff_reg[29]'
INFO: [Synth 8-3886] merging instance 'buf2/filt1/f1_coeff_reg[29]' (FDRE) to 'buf2/filt1/f1_coeff_reg[30]'
INFO: [Synth 8-3886] merging instance 'buf2/filt1/f1_coeff_reg[30]' (FDRE) to 'buf2/filt1/f1_coeff_reg[31]'
INFO: [Synth 8-3886] merging instance 'buf2/buf1/rd_ptr_reg_rep_bsel[2]' (FD) to 'buf2/buf2/rd_ptr_reg_rep_bsel[2]'
INFO: [Synth 8-3886] merging instance 'buf2/buf1/rd_ptr_reg_rep_bsel[3]' (FD) to 'buf2/buf2/rd_ptr_reg_rep_bsel[3]'
INFO: [Synth 8-3886] merging instance 'buf2/buf1/rd_ptr_reg_rep_bsel[4]' (FD) to 'buf2/buf2/rd_ptr_reg_rep_bsel[4]'
INFO: [Synth 8-3886] merging instance 'buf2/buf1/rd_ptr_reg_rep_bsel[5]' (FD) to 'buf2/buf2/rd_ptr_reg_rep_bsel[5]'
INFO: [Synth 8-3886] merging instance 'buf2/buf1/rd_ptr_reg_rep_bsel[6]' (FD) to 'buf2/buf2/rd_ptr_reg_rep_bsel[6]'
INFO: [Synth 8-3886] merging instance 'buf2/buf1/rd_ptr_reg_rep_bsel[7]' (FD) to 'buf2/buf2/rd_ptr_reg_rep_bsel[7]'
INFO: [Synth 8-3886] merging instance 'buf2/buf1/rd_ptr_reg_rep_bsel[8]' (FD) to 'buf2/buf2/rd_ptr_reg_rep_bsel[8]'
INFO: [Synth 8-3886] merging instance 'buf2/buf1/rd_ptr_reg_rep_bsel[9]' (FD) to 'buf2/buf2/rd_ptr_reg_rep_bsel[9]'
INFO: [Synth 8-3886] merging instance 'buf2/buf1/rd_ptr_reg_rep_bsel[10]' (FD) to 'buf2/buf2/rd_ptr_reg_rep_bsel[10]'
INFO: [Synth 8-3886] merging instance 'buf2/buf1/rd_ptr_reg_rep_bsel[11]' (FD) to 'buf2/buf2/rd_ptr_reg_rep_bsel[11]'
INFO: [Synth 8-3886] merging instance 'buf2/filt1/x_n3_reg[17]' (FDRE) to 'buf2/filt1/x_n3_reg[0]'
INFO: [Synth 8-3886] merging instance 'buf2/filt1/x_n2_reg[18]' (FDRE) to 'buf2/filt1/x_n2_reg[17]'
INFO: [Synth 8-3886] merging instance 'buf2/filt1/x_n1_reg[16]' (FDRE) to 'buf2/filt1/x_n2_reg[17]'
INFO: [Synth 8-3886] merging instance 'buf2/filt1/x_n2_reg[31]' (FDRE) to 'buf2/filt1/x_n2_reg[17]'
INFO: [Synth 8-3886] merging instance 'buf2/filt1/x_n4_reg[0]' (FDRE) to 'buf2/filt1/x_n4_reg[17]'
INFO: [Synth 8-3886] merging instance 'buf2/filt1/x_n3_reg[0]' (FDRE) to 'buf2/filt1/x_n3_reg[1]'
INFO: [Synth 8-3886] merging instance 'buf2/filt1/x_n4_reg[1]' (FDRE) to 'buf2/filt1/x_n4_reg[17]'
INFO: [Synth 8-3886] merging instance 'buf2/filt1/x_n3_reg[1]' (FDRE) to 'buf2/filt1/x_n3_reg[2]'
INFO: [Synth 8-3886] merging instance 'buf2/filt1/x_n4_reg[2]' (FDRE) to 'buf2/filt1/x_n4_reg[17]'
INFO: [Synth 8-3886] merging instance 'buf2/filt1/x_n3_reg[2]' (FDRE) to 'buf2/filt1/x_n3_reg[3]'
INFO: [Synth 8-3886] merging instance 'buf2/filt1/x_n4_reg[3]' (FDRE) to 'buf2/filt1/x_n4_reg[17]'
INFO: [Synth 8-3886] merging instance 'buf2/filt1/x_n3_reg[3]' (FDRE) to 'buf2/filt1/x_n3_reg[4]'
INFO: [Synth 8-3886] merging instance 'buf2/filt1/x_n4_reg[4]' (FDRE) to 'buf2/filt1/x_n4_reg[17]'
INFO: [Synth 8-3886] merging instance 'buf2/filt1/x_n3_reg[4]' (FDRE) to 'buf2/filt1/x_n3_reg[5]'
INFO: [Synth 8-3886] merging instance 'buf2/filt1/x_n4_reg[5]' (FDRE) to 'buf2/filt1/x_n4_reg[17]'
INFO: [Synth 8-3886] merging instance 'buf2/filt1/x_n3_reg[5]' (FDRE) to 'buf2/filt1/x_n3_reg[6]'
INFO: [Synth 8-3886] merging instance 'buf2/filt1/x_n4_reg[6]' (FDRE) to 'buf2/filt1/x_n4_reg[17]'
INFO: [Synth 8-3886] merging instance 'buf2/filt1/x_n3_reg[6]' (FDRE) to 'buf2/filt1/x_n3_reg[7]'
INFO: [Synth 8-3886] merging instance 'buf2/filt1/x_n4_reg[7]' (FDRE) to 'buf2/filt1/x_n4_reg[17]'
INFO: [Synth 8-3886] merging instance 'buf2/filt1/x_n3_reg[7]' (FDRE) to 'buf2/filt1/x_n3_reg[8]'
INFO: [Synth 8-3886] merging instance 'buf2/filt1/x_n4_reg[8]' (FDRE) to 'buf2/filt1/x_n4_reg[17]'
INFO: [Synth 8-3886] merging instance 'buf2/filt1/x_n3_reg[8]' (FDRE) to 'buf2/filt1/x_n3_reg[9]'
INFO: [Synth 8-3886] merging instance 'buf2/filt1/x_n4_reg[9]' (FDRE) to 'buf2/filt1/x_n4_reg[17]'
INFO: [Synth 8-3886] merging instance 'buf2/filt1/x_n3_reg[9]' (FDRE) to 'buf2/filt1/x_n3_reg[10]'
INFO: [Synth 8-3886] merging instance 'buf2/filt1/x_n4_reg[10]' (FDRE) to 'buf2/filt1/x_n4_reg[17]'
INFO: [Synth 8-3886] merging instance 'buf2/filt1/x_n3_reg[10]' (FDRE) to 'buf2/filt1/x_n3_reg[11]'
INFO: [Synth 8-3886] merging instance 'buf2/filt1/x_n4_reg[11]' (FDRE) to 'buf2/filt1/x_n4_reg[17]'
INFO: [Common 17-14] Message 'Synth 8-3886' appears 100 times and further instances of the messages will be disabled. Use the Tcl command set_msg_config to change the current settings.
INFO: [Synth 8-3333] propagating constant 0 across sequential element (\buf2/filt1/x_n2_reg[17] )
INFO: [Synth 8-3333] propagating constant 0 across sequential element (\buf2/filt1/x_n4_reg[17] )
INFO: [Synth 8-3333] propagating constant 0 across sequential element (\buf2/filt1/x_n6_reg[17] )
WARNING: [Synth 8-3332] Sequential element (u1/temp_reg[15]) is unused and will be removed from module AUDIO_FX_TOP.
WARNING: [Synth 8-3332] Sequential element (u1/temp_reg[14]) is unused and will be removed from module AUDIO_FX_TOP.
WARNING: [Synth 8-3332] Sequential element (u1/temp_reg[13]) is unused and will be removed from module AUDIO_FX_TOP.
WARNING: [Synth 8-3332] Sequential element (u1/temp_reg[12]) is unused and will be removed from module AUDIO_FX_TOP.
WARNING: [Synth 8-3332] Sequential element (buf2/filt1/x_n_reg[31]) is unused and will be removed from module AUDIO_FX_TOP.
WARNING: [Synth 8-3332] Sequential element (buf2/filt1/x_n_reg[18]) is unused and will be removed from module AUDIO_FX_TOP.
WARNING: [Synth 8-3332] Sequential element (buf2/filt1/x_n_reg[17]) is unused and will be removed from module AUDIO_FX_TOP.
WARNING: [Synth 8-3332] Sequential element (buf2/filt1/x_n_reg[16]) is unused and will be removed from module AUDIO_FX_TOP.
WARNING: [Synth 8-3332] Sequential element (buf2/filt1/x_n_reg[15]) is unused and will be removed from module AUDIO_FX_TOP.
WARNING: [Synth 8-3332] Sequential element (buf2/filt1/x_n_reg[14]) is unused and will be removed from module AUDIO_FX_TOP.
WARNING: [Synth 8-3332] Sequential element (buf2/filt1/x_n_reg[13]) is unused and will be removed from module AUDIO_FX_TOP.
WARNING: [Synth 8-3332] Sequential element (buf2/filt1/x_n_reg[12]) is unused and will be removed from module AUDIO_FX_TOP.
WARNING: [Synth 8-3332] Sequential element (buf2/filt1/x_n_reg[11]) is unused and will be removed from module AUDIO_FX_TOP.
WARNING: [Synth 8-3332] Sequential element (buf2/filt1/x_n_reg[10]) is unused and will be removed from module AUDIO_FX_TOP.
WARNING: [Synth 8-3332] Sequential element (buf2/filt1/x_n_reg[9]) is unused and will be removed from module AUDIO_FX_TOP.
WARNING: [Synth 8-3332] Sequential element (buf2/filt1/x_n_reg[8]) is unused and will be removed from module AUDIO_FX_TOP.
WARNING: [Synth 8-3332] Sequential element (buf2/filt1/x_n_reg[7]) is unused and will be removed from module AUDIO_FX_TOP.
WARNING: [Synth 8-3332] Sequential element (buf2/filt1/x_n_reg[6]) is unused and will be removed from module AUDIO_FX_TOP.
WARNING: [Synth 8-3332] Sequential element (buf2/filt1/x_n_reg[5]) is unused and will be removed from module AUDIO_FX_TOP.
WARNING: [Synth 8-3332] Sequential element (buf2/filt1/x_n_reg[4]) is unused and will be removed from module AUDIO_FX_TOP.
WARNING: [Synth 8-3332] Sequential element (buf2/filt1/x_n_reg[3]) is unused and will be removed from module AUDIO_FX_TOP.
WARNING: [Synth 8-3332] Sequential element (buf2/filt1/x_n_reg[2]) is unused and will be removed from module AUDIO_FX_TOP.
WARNING: [Synth 8-3332] Sequential element (buf2/filt1/x_n_reg[1]) is unused and will be removed from module AUDIO_FX_TOP.
WARNING: [Synth 8-3332] Sequential element (buf2/filt1/x_n_reg[0]) is unused and will be removed from module AUDIO_FX_TOP.
WARNING: [Synth 8-3332] Sequential element (buf2/filt1/x_n1_reg[31]) is unused and will be removed from module AUDIO_FX_TOP.
WARNING: [Synth 8-3332] Sequential element (buf2/filt1/x_n1_reg[18]) is unused and will be removed from module AUDIO_FX_TOP.
WARNING: [Synth 8-3332] Sequential element (buf2/filt1/x_n1_reg[17]) is unused and will be removed from module AUDIO_FX_TOP.
WARNING: [Synth 8-3332] Sequential element (buf2/filt1/x_n1_reg[15]) is unused and will be removed from module AUDIO_FX_TOP.
WARNING: [Synth 8-3332] Sequential element (buf2/filt1/x_n1_reg[14]) is unused and will be removed from module AUDIO_FX_TOP.
WARNING: [Synth 8-3332] Sequential element (buf2/filt1/x_n1_reg[13]) is unused and will be removed from module AUDIO_FX_TOP.
WARNING: [Synth 8-3332] Sequential element (buf2/filt1/x_n1_reg[12]) is unused and will be removed from module AUDIO_FX_TOP.
WARNING: [Synth 8-3332] Sequential element (buf2/filt1/x_n1_reg[11]) is unused and will be removed from module AUDIO_FX_TOP.
WARNING: [Synth 8-3332] Sequential element (buf2/filt1/x_n1_reg[10]) is unused and will be removed from module AUDIO_FX_TOP.
WARNING: [Synth 8-3332] Sequential element (buf2/filt1/x_n1_reg[9]) is unused and will be removed from module AUDIO_FX_TOP.
WARNING: [Synth 8-3332] Sequential element (buf2/filt1/x_n1_reg[8]) is unused and will be removed from module AUDIO_FX_TOP.
WARNING: [Synth 8-3332] Sequential element (buf2/filt1/x_n1_reg[7]) is unused and will be removed from module AUDIO_FX_TOP.
WARNING: [Synth 8-3332] Sequential element (buf2/filt1/x_n1_reg[6]) is unused and will be removed from module AUDIO_FX_TOP.
WARNING: [Synth 8-3332] Sequential element (buf2/filt1/x_n1_reg[5]) is unused and will be removed from module AUDIO_FX_TOP.
WARNING: [Synth 8-3332] Sequential element (buf2/filt1/x_n1_reg[4]) is unused and will be removed from module AUDIO_FX_TOP.
WARNING: [Synth 8-3332] Sequential element (buf2/filt1/x_n1_reg[3]) is unused and will be removed from module AUDIO_FX_TOP.
WARNING: [Synth 8-3332] Sequential element (buf2/filt1/x_n1_reg[2]) is unused and will be removed from module AUDIO_FX_TOP.
WARNING: [Synth 8-3332] Sequential element (buf2/filt1/x_n1_reg[1]) is unused and will be removed from module AUDIO_FX_TOP.
WARNING: [Synth 8-3332] Sequential element (buf2/filt1/x_n1_reg[0]) is unused and will be removed from module AUDIO_FX_TOP.
WARNING: [Synth 8-3332] Sequential element (buf2/filt1/x_n2_reg[18]) is unused and will be removed from module AUDIO_FX_TOP.
WARNING: [Synth 8-3332] Sequential element (buf2/filt1/x_n2_reg[16]) is unused and will be removed from module AUDIO_FX_TOP.
WARNING: [Synth 8-3332] Sequential element (buf2/filt1/x_n2_reg[15]) is unused and will be removed from module AUDIO_FX_TOP.
WARNING: [Synth 8-3332] Sequential element (buf2/filt1/x_n2_reg[14]) is unused and will be removed from module AUDIO_FX_TOP.
WARNING: [Synth 8-3332] Sequential element (buf2/filt1/x_n2_reg[13]) is unused and will be removed from module AUDIO_FX_TOP.
WARNING: [Synth 8-3332] Sequential element (buf2/filt1/x_n2_reg[12]) is unused and will be removed from module AUDIO_FX_TOP.
WARNING: [Synth 8-3332] Sequential element (buf2/filt1/x_n2_reg[11]) is unused and will be removed from module AUDIO_FX_TOP.
WARNING: [Synth 8-3332] Sequential element (buf2/filt1/x_n2_reg[10]) is unused and will be removed from module AUDIO_FX_TOP.
WARNING: [Synth 8-3332] Sequential element (buf2/filt1/x_n2_reg[9]) is unused and will be removed from module AUDIO_FX_TOP.
WARNING: [Synth 8-3332] Sequential element (buf2/filt1/x_n2_reg[8]) is unused and will be removed from module AUDIO_FX_TOP.
WARNING: [Synth 8-3332] Sequential element (buf2/filt1/x_n2_reg[7]) is unused and will be removed from module AUDIO_FX_TOP.
WARNING: [Synth 8-3332] Sequential element (buf2/filt1/x_n2_reg[6]) is unused and will be removed from module AUDIO_FX_TOP.
WARNING: [Synth 8-3332] Sequential element (buf2/filt1/x_n2_reg[5]) is unused and will be removed from module AUDIO_FX_TOP.
WARNING: [Synth 8-3332] Sequential element (buf2/filt1/x_n2_reg[4]) is unused and will be removed from module AUDIO_FX_TOP.
WARNING: [Synth 8-3332] Sequential element (buf2/filt1/x_n2_reg[3]) is unused and will be removed from module AUDIO_FX_TOP.
WARNING: [Synth 8-3332] Sequential element (buf2/filt1/x_n2_reg[2]) is unused and will be removed from module AUDIO_FX_TOP.
WARNING: [Synth 8-3332] Sequential element (buf2/filt1/x_n2_reg[1]) is unused and will be removed from module AUDIO_FX_TOP.
WARNING: [Synth 8-3332] Sequential element (buf2/filt1/x_n2_reg[0]) is unused and will be removed from module AUDIO_FX_TOP.
WARNING: [Synth 8-3332] Sequential element (buf2/filt1/x_n3_reg[17]) is unused and will be removed from module AUDIO_FX_TOP.
WARNING: [Synth 8-3332] Sequential element (buf2/filt1/x_n3_reg[16]) is unused and will be removed from module AUDIO_FX_TOP.
WARNING: [Synth 8-3332] Sequential element (buf2/filt1/x_n3_reg[15]) is unused and will be removed from module AUDIO_FX_TOP.
WARNING: [Synth 8-3332] Sequential element (buf2/filt1/x_n3_reg[14]) is unused and will be removed from module AUDIO_FX_TOP.
WARNING: [Synth 8-3332] Sequential element (buf2/filt1/x_n3_reg[13]) is unused and will be removed from module AUDIO_FX_TOP.
WARNING: [Synth 8-3332] Sequential element (buf2/filt1/x_n3_reg[12]) is unused and will be removed from module AUDIO_FX_TOP.
WARNING: [Synth 8-3332] Sequential element (buf2/filt1/x_n3_reg[11]) is unused and will be removed from module AUDIO_FX_TOP.
WARNING: [Synth 8-3332] Sequential element (buf2/filt1/x_n3_reg[10]) is unused and will be removed from module AUDIO_FX_TOP.
WARNING: [Synth 8-3332] Sequential element (buf2/filt1/x_n3_reg[9]) is unused and will be removed from module AUDIO_FX_TOP.
WARNING: [Synth 8-3332] Sequential element (buf2/filt1/x_n3_reg[8]) is unused and will be removed from module AUDIO_FX_TOP.
WARNING: [Synth 8-3332] Sequential element (buf2/filt1/x_n3_reg[7]) is unused and will be removed from module AUDIO_FX_TOP.
WARNING: [Synth 8-3332] Sequential element (buf2/filt1/x_n3_reg[6]) is unused and will be removed from module AUDIO_FX_TOP.
WARNING: [Synth 8-3332] Sequential element (buf2/filt1/x_n3_reg[5]) is unused and will be removed from module AUDIO_FX_TOP.
WARNING: [Synth 8-3332] Sequential element (buf2/filt1/x_n3_reg[4]) is unused and will be removed from module AUDIO_FX_TOP.
WARNING: [Synth 8-3332] Sequential element (buf2/filt1/x_n3_reg[3]) is unused and will be removed from module AUDIO_FX_TOP.
WARNING: [Synth 8-3332] Sequential element (buf2/filt1/x_n3_reg[2]) is unused and will be removed from module AUDIO_FX_TOP.
WARNING: [Synth 8-3332] Sequential element (buf2/filt1/x_n3_reg[1]) is unused and will be removed from module AUDIO_FX_TOP.
WARNING: [Synth 8-3332] Sequential element (buf2/filt1/x_n3_reg[0]) is unused and will be removed from module AUDIO_FX_TOP.
WARNING: [Synth 8-3332] Sequential element (buf2/filt1/x_n4_reg[18]) is unused and will be removed from module AUDIO_FX_TOP.
WARNING: [Synth 8-3332] Sequential element (buf2/filt1/x_n4_reg[16]) is unused and will be removed from module AUDIO_FX_TOP.
WARNING: [Synth 8-3332] Sequential element (buf2/filt1/x_n4_reg[15]) is unused and will be removed from module AUDIO_FX_TOP.
WARNING: [Synth 8-3332] Sequential element (buf2/filt1/x_n4_reg[14]) is unused and will be removed from module AUDIO_FX_TOP.
WARNING: [Synth 8-3332] Sequential element (buf2/filt1/x_n4_reg[13]) is unused and will be removed from module AUDIO_FX_TOP.
WARNING: [Synth 8-3332] Sequential element (buf2/filt1/x_n4_reg[12]) is unused and will be removed from module AUDIO_FX_TOP.
WARNING: [Synth 8-3332] Sequential element (buf2/filt1/x_n4_reg[11]) is unused and will be removed from module AUDIO_FX_TOP.
WARNING: [Synth 8-3332] Sequential element (buf2/filt1/x_n4_reg[10]) is unused and will be removed from module AUDIO_FX_TOP.
WARNING: [Synth 8-3332] Sequential element (buf2/filt1/x_n4_reg[9]) is unused and will be removed from module AUDIO_FX_TOP.
WARNING: [Synth 8-3332] Sequential element (buf2/filt1/x_n4_reg[8]) is unused and will be removed from module AUDIO_FX_TOP.
WARNING: [Synth 8-3332] Sequential element (buf2/filt1/x_n4_reg[7]) is unused and will be removed from module AUDIO_FX_TOP.
WARNING: [Synth 8-3332] Sequential element (buf2/filt1/x_n4_reg[6]) is unused and will be removed from module AUDIO_FX_TOP.
WARNING: [Synth 8-3332] Sequential element (buf2/filt1/x_n4_reg[5]) is unused and will be removed from module AUDIO_FX_TOP.
WARNING: [Synth 8-3332] Sequential element (buf2/filt1/x_n4_reg[4]) is unused and will be removed from module AUDIO_FX_TOP.
WARNING: [Synth 8-3332] Sequential element (buf2/filt1/x_n4_reg[3]) is unused and will be removed from module AUDIO_FX_TOP.
WARNING: [Synth 8-3332] Sequential element (buf2/filt1/x_n4_reg[2]) is unused and will be removed from module AUDIO_FX_TOP.
WARNING: [Synth 8-3332] Sequential element (buf2/filt1/x_n4_reg[1]) is unused and will be removed from module AUDIO_FX_TOP.
WARNING: [Synth 8-3332] Sequential element (buf2/filt1/x_n4_reg[0]) is unused and will be removed from module AUDIO_FX_TOP.
WARNING: [Synth 8-3332] Sequential element (buf2/filt1/x_n5_reg[17]) is unused and will be removed from module AUDIO_FX_TOP.
WARNING: [Synth 8-3332] Sequential element (buf2/filt1/x_n5_reg[16]) is unused and will be removed from module AUDIO_FX_TOP.
WARNING: [Synth 8-3332] Sequential element (buf2/filt1/x_n5_reg[15]) is unused and will be removed from module AUDIO_FX_TOP.
INFO: [Common 17-14] Message 'Synth 8-3332' appears 100 times and further instances of the messages will be disabled. Use the Tcl command set_msg_config to change the current settings.
---------------------------------------------------------------------------------
Finished Area Optimization : Time (s): cpu = 00:00:18 ; elapsed = 00:00:20 . Memory (MB): peak = 600.836 ; gain = 393.422
---------------------------------------------------------------------------------
Finished Parallel Area Optimization  : Time (s): cpu = 00:00:18 ; elapsed = 00:00:20 . Memory (MB): peak = 600.836 ; gain = 393.422

Report RTL Partitions: 
+-+--------------+------------+----------+
| |RTL Partition |Replication |Instances |
+-+--------------+------------+----------+
+-+--------------+------------+----------+
---------------------------------------------------------------------------------
Start Timing Optimization
---------------------------------------------------------------------------------
---------------------------------------------------------------------------------
Start Applying XDC Timing Constraints
---------------------------------------------------------------------------------
---------------------------------------------------------------------------------
Finished Applying XDC Timing Constraints : Time (s): cpu = 00:00:31 ; elapsed = 00:00:34 . Memory (MB): peak = 617.668 ; gain = 410.254
---------------------------------------------------------------------------------
---------------------------------------------------------------------------------
Finished Timing Optimization : Time (s): cpu = 00:00:32 ; elapsed = 00:00:34 . Memory (MB): peak = 635.109 ; gain = 427.695
---------------------------------------------------------------------------------

Report RTL Partitions: 
+-+--------------+------------+----------+
| |RTL Partition |Replication |Instances |
+-+--------------+------------+----------+
+-+--------------+------------+----------+
---------------------------------------------------------------------------------
Start Technology Mapping
---------------------------------------------------------------------------------
INFO: [Synth 8-4480] The timing for the instance buf2/buf1/buffer_reg (implemented as a block RAM) might be sub-optimal as no optional output register could be merged into the block ram. Providing additional output register may help in improving timing.
INFO: [Synth 8-4480] The timing for the instance buf2/buf2/buffer_reg (implemented as a block RAM) might be sub-optimal as no optional output register could be merged into the block ram. Providing additional output register may help in improving timing.
---------------------------------------------------------------------------------
Finished Technology Mapping : Time (s): cpu = 00:00:32 ; elapsed = 00:00:35 . Memory (MB): peak = 644.828 ; gain = 437.414
---------------------------------------------------------------------------------
Finished Parallel Technology Mapping Optimization  : Time (s): cpu = 00:00:32 ; elapsed = 00:00:35 . Memory (MB): peak = 644.828 ; gain = 437.414

Report RTL Partitions: 
+-+--------------+------------+----------+
| |RTL Partition |Replication |Instances |
+-+--------------+------------+----------+
+-+--------------+------------+----------+
Finished Parallel Synthesis Optimization  : Time (s): cpu = 00:00:32 ; elapsed = 00:00:35 . Memory (MB): peak = 644.828 ; gain = 437.414
---------------------------------------------------------------------------------
Start IO Insertion
---------------------------------------------------------------------------------
---------------------------------------------------------------------------------
Start Flattening Before IO Insertion
---------------------------------------------------------------------------------
---------------------------------------------------------------------------------
Finished Flattening Before IO Insertion
---------------------------------------------------------------------------------
---------------------------------------------------------------------------------
Start Final Netlist Cleanup
---------------------------------------------------------------------------------
---------------------------------------------------------------------------------
Finished Final Netlist Cleanup
---------------------------------------------------------------------------------
---------------------------------------------------------------------------------
Finished IO Insertion : Time (s): cpu = 00:00:33 ; elapsed = 00:00:35 . Memory (MB): peak = 644.828 ; gain = 437.414
---------------------------------------------------------------------------------

Report Check Netlist: 
+------+------------------+-------+---------+-------+------------------+
|      |Item              |Errors |Warnings |Status |Description       |
+------+------------------+-------+---------+-------+------------------+
|1     |multi_driven_nets |      0|        0|Passed |Multi driven nets |
+------+------------------+-------+---------+-------+------------------+
---------------------------------------------------------------------------------
Start Renaming Generated Instances
---------------------------------------------------------------------------------
---------------------------------------------------------------------------------
Finished Renaming Generated Instances : Time (s): cpu = 00:00:33 ; elapsed = 00:00:35 . Memory (MB): peak = 644.828 ; gain = 437.414
---------------------------------------------------------------------------------

Report RTL Partitions: 
+-+--------------+------------+----------+
| |RTL Partition |Replication |Instances |
+-+--------------+------------+----------+
+-+--------------+------------+----------+
---------------------------------------------------------------------------------
Start Rebuilding User Hierarchy
---------------------------------------------------------------------------------
---------------------------------------------------------------------------------
Finished Rebuilding User Hierarchy : Time (s): cpu = 00:00:33 ; elapsed = 00:00:36 . Memory (MB): peak = 644.828 ; gain = 437.414
---------------------------------------------------------------------------------
---------------------------------------------------------------------------------
Start Renaming Generated Ports
---------------------------------------------------------------------------------
---------------------------------------------------------------------------------
Finished Renaming Generated Ports : Time (s): cpu = 00:00:33 ; elapsed = 00:00:36 . Memory (MB): peak = 644.828 ; gain = 437.414
---------------------------------------------------------------------------------
---------------------------------------------------------------------------------
Start Handling Custom Attributes
---------------------------------------------------------------------------------
---------------------------------------------------------------------------------
Finished Handling Custom Attributes : Time (s): cpu = 00:00:33 ; elapsed = 00:00:36 . Memory (MB): peak = 644.828 ; gain = 437.414
---------------------------------------------------------------------------------
---------------------------------------------------------------------------------
Start Renaming Generated Nets
---------------------------------------------------------------------------------
---------------------------------------------------------------------------------
Finished Renaming Generated Nets : Time (s): cpu = 00:00:33 ; elapsed = 00:00:36 . Memory (MB): peak = 644.828 ; gain = 437.414
---------------------------------------------------------------------------------
---------------------------------------------------------------------------------
Start Writing Synthesis Report
---------------------------------------------------------------------------------

Report BlackBoxes: 
+-+--------------+----------+
| |BlackBox name |Instances |
+-+--------------+----------+
+-+--------------+----------+

Report Cell Usage: 
+------+----------+------+
|      |Cell      |Count |
+------+----------+------+
|1     |BUFG      |     3|
|2     |CARRY4    |    45|
|3     |DSP48E1   |     2|
|4     |DSP48E1_1 |     1|
|5     |DSP48E1_2 |     1|
|6     |LUT1      |    77|
|7     |LUT2      |   110|
|8     |LUT3      |    27|
|9     |LUT4      |    39|
|10    |LUT5      |    30|
|11    |LUT6      |   110|
|12    |RAMB18E1  |     2|
|13    |FDRE      |   506|
|14    |IBUF      |     7|
|15    |OBUF      |     6|
|16    |OBUFT     |     8|
+------+----------+------+

Report Instance Areas: 
+------+---------------+-----------------------------+------+
|      |Instance       |Module                       |Cells |
+------+---------------+-----------------------------+------+
|1     |top            |                             |   974|
|2     |  buf2         |pitch_shift                  |   711|
|3     |    buf1       |pitch_buffer                 |    64|
|4     |    buf2       |pitch_buffer__parameterized0 |    48|
|5     |    filt1      |butter_filter                |   583|
|6     |      mult1    |signed_mult                  |   145|
|7     |    sample_flg |flag_gen                     |     4|
|8     |  clkgen1      |clk_gen                      |    62|
|9     |  clkgen2      |clk_gen__parameterized0      |    52|
|10    |  u1           |SPI                          |    77|
|11    |  u2           |DA2RefComp                   |    48|
+------+---------------+-----------------------------+------+
---------------------------------------------------------------------------------
Finished Writing Synthesis Report : Time (s): cpu = 00:00:33 ; elapsed = 00:00:36 . Memory (MB): peak = 644.828 ; gain = 437.414
---------------------------------------------------------------------------------
Synthesis finished with 0 errors, 0 critical warnings and 271 warnings.
Synthesis Optimization Runtime : Time (s): cpu = 00:00:22 ; elapsed = 00:00:27 . Memory (MB): peak = 644.828 ; gain = 146.031
Synthesis Optimization Complete : Time (s): cpu = 00:00:33 ; elapsed = 00:00:36 . Memory (MB): peak = 644.828 ; gain = 437.414
INFO: [Project 1-571] Translating synthesized netlist
INFO: [Netlist 29-17] Analyzing 58 Unisim elements for replacement
INFO: [Netlist 29-28] Unisim Transformation completed in 0 CPU seconds
INFO: [Project 1-570] Preparing netlist for logic optimization
INFO: [Opt 31-138] Pushed 1 inverter(s) to 12 load pin(s).
INFO: [Project 1-111] Unisim Transformation Summary:
No Unisim elements were transformed.

INFO: [Common 17-83] Releasing license: Synthesis
156 Infos, 162 Warnings, 0 Critical Warnings and 0 Errors encountered.
synth_design completed successfully
synth_design: Time (s): cpu = 00:00:34 ; elapsed = 00:00:35 . Memory (MB): peak = 644.828 ; gain = 437.414
report_utilization: Time (s): cpu = 00:00:00 ; elapsed = 00:00:00.026 . Memory (MB): peak = 644.828 ; gain = 0.000
INFO: [Common 17-206] Exiting Vivado at Fri Apr 06 22:03:40 2018...
