Unable to capture context for thread 9160 in process 1832, can not generate back trace
Unable to capture context for thread 4856 in process 1832, can not generate back trace
Exception at PC 0x00007FFF054E4008
Exception at PC 0x00007FFF054E4008
Unable to capture context for thread 8476 in process 1832, can not generate back trace
Unable to capture context for thread 9236 in process 1832, can not generate back trace
Unable to capture context for thread 1612 in process 1832, can not generate back trace
Exception at PC 0x00007FFF054E4008
Unable to capture context for thread 8476 in process 1832, can not generate back trace
Unable to capture context for thread 1612 in process 1832, can not generate back trace
Exception at PC 0x00007FFEE196BB93
Printing stacktrace...

Exception at PC 0x00007FFF054E4008
Exception at PC 0x00007FFF054E4008
Exception at PC 0x00007FFF054E4008
Exception at PC 0x00007FFF054E4008
Exception at PC 0x00007FFF054E4008
Exception at PC 0x00007FFF054E4008
Exception at PC 0x00007FFF054E4008
Exception at PC 0x00007FFF054E4008
Exception at PC 0x00007FFF054E4008
Exception at PC 0x00007FFF054E4008
Exception at PC 0x00007FFF054E4008
Exception at PC 0x00007FFF054E4008
Exception at PC 0x00007FFF054E4008
Exception at PC 0x00007FFF054E4008
Exception at PC 0x00007FFF054E4008
[0]  [0x00007FFEE196BB93]
[1]  [0x00007FFEE196BB93]
[2]  [0x00007FFEE196B4A1]
[3]  [0x00007FFEE196B3EF]
[4]  [0x00007FFEE19519FE]
[5]  [0x00007FFEE1950ED1]
[6]  [0x00007FFEE1950D76]
[7]  [0x00007FFEE18F79F6]
[8]  [0x00007FFEE18E7AFB]
[9]  [0x00007FFEE1A0E90A]
[10]  [0x00007FFEE1A29F87]
[11]  [0x00007FFEE1A2A05F]
[12] (BaseThreadInitThunk+0x14) [0x00007FFF07B01FE4]
[13] (RtlUserThreadStart+0x21) [0x00007FFF084FEFC1]
Done
