
*** Running vivado
    with args -log sin_lut.vds -m64 -mode batch -messageDb vivado.pb -notrace -source sin_lut.tcl


****** Vivado v2016.2 (64-bit)
  **** SW Build 1577090 on Thu Jun  2 16:32:40 MDT 2016
  **** IP Build 1577682 on Fri Jun  3 12:00:54 MDT 2016
    ** Copyright 1986-2016 Xilinx, Inc. All Rights Reserved.

source sin_lut.tcl -notrace
Command: synth_design -top sin_lut -part xc7a35tcpg236-1 -mode out_of_context
Starting synth_design
Attempting to get a license for feature 'Synthesis' and/or device 'xc7a35t'
INFO: [Common 17-349] Got license for feature 'Synthesis' and/or device 'xc7a35t'
INFO: Launching helper process for spawning children vivado processes
INFO: Helper process launched with PID 6612 
---------------------------------------------------------------------------------
Starting RTL Elaboration : Time (s): cpu = 00:00:05 ; elapsed = 00:00:07 . Memory (MB): peak = 293.555 ; gain = 86.664
---------------------------------------------------------------------------------
INFO: [Synth 8-638] synthesizing module 'sin_lut' [c:/Users/Auora/Desktop/audio_effects/audio_effects.srcs/sources_1/ip/sin_lut/synth/sin_lut.vhd:66]
	Parameter C_FAMILY bound to: artix7 - type: string 
	Parameter C_ADDR_WIDTH bound to: 12 - type: integer 
	Parameter C_DEFAULT_DATA bound to: 0 - type: string 
	Parameter C_DEPTH bound to: 4096 - type: integer 
	Parameter C_HAS_CLK bound to: 0 - type: integer 
	Parameter C_HAS_D bound to: 0 - type: integer 
	Parameter C_HAS_DPO bound to: 0 - type: integer 
	Parameter C_HAS_DPRA bound to: 0 - type: integer 
	Parameter C_HAS_I_CE bound to: 0 - type: integer 
	Parameter C_HAS_QDPO bound to: 0 - type: integer 
	Parameter C_HAS_QDPO_CE bound to: 0 - type: integer 
	Parameter C_HAS_QDPO_CLK bound to: 0 - type: integer 
	Parameter C_HAS_QDPO_RST bound to: 0 - type: integer 
	Parameter C_HAS_QDPO_SRST bound to: 0 - type: integer 
	Parameter C_HAS_QSPO bound to: 0 - type: integer 
	Parameter C_HAS_QSPO_CE bound to: 0 - type: integer 
	Parameter C_HAS_QSPO_RST bound to: 0 - type: integer 
	Parameter C_HAS_QSPO_SRST bound to: 0 - type: integer 
	Parameter C_HAS_SPO bound to: 1 - type: integer 
	Parameter C_HAS_WE bound to: 0 - type: integer 
	Parameter C_MEM_INIT_FILE bound to: sin_lut.mif - type: string 
	Parameter C_ELABORATION_DIR bound to: ./ - type: string 
	Parameter C_MEM_TYPE bound to: 0 - type: integer 
	Parameter C_PIPELINE_STAGES bound to: 0 - type: integer 
	Parameter C_QCE_JOINED bound to: 0 - type: integer 
	Parameter C_QUALIFY_WE bound to: 0 - type: integer 
	Parameter C_READ_MIF bound to: 1 - type: integer 
	Parameter C_REG_A_D_INPUTS bound to: 0 - type: integer 
	Parameter C_REG_DPRA_INPUT bound to: 0 - type: integer 
	Parameter C_SYNC_ENABLE bound to: 1 - type: integer 
	Parameter C_WIDTH bound to: 12 - type: integer 
	Parameter C_PARSER_TYPE bound to: 1 - type: integer 
INFO: [Synth 8-3491] module 'dist_mem_gen_v8_0_10' declared at 'c:/Users/Auora/Desktop/audio_effects/audio_effects.srcs/sources_1/ip/sin_lut/dist_mem_gen_v8_0_10/hdl/dist_mem_gen_v8_0.vhd:78' bound to instance 'U0' of component 'dist_mem_gen_v8_0_10' [c:/Users/Auora/Desktop/audio_effects/audio_effects.srcs/sources_1/ip/sin_lut/synth/sin_lut.vhd:132]
	Parameter C_FAMILY bound to: artix7 - type: string 
	Parameter C_ADDR_WIDTH bound to: 12 - type: integer 
	Parameter C_DEFAULT_DATA bound to: 0 - type: string 
	Parameter C_DEPTH bound to: 4096 - type: integer 
	Parameter C_HAS_CLK bound to: 0 - type: integer 
	Parameter C_HAS_D bound to: 0 - type: integer 
	Parameter C_HAS_DPO bound to: 0 - type: integer 
	Parameter C_HAS_DPRA bound to: 0 - type: integer 
	Parameter C_HAS_I_CE bound to: 0 - type: integer 
	Parameter C_HAS_QDPO bound to: 0 - type: integer 
	Parameter C_HAS_QDPO_CE bound to: 0 - type: integer 
	Parameter C_HAS_QDPO_CLK bound to: 0 - type: integer 
	Parameter C_HAS_QDPO_RST bound to: 0 - type: integer 
	Parameter C_HAS_QDPO_SRST bound to: 0 - type: integer 
	Parameter C_HAS_QSPO bound to: 0 - type: integer 
	Parameter C_HAS_QSPO_CE bound to: 0 - type: integer 
	Parameter C_HAS_QSPO_RST bound to: 0 - type: integer 
	Parameter C_HAS_QSPO_SRST bound to: 0 - type: integer 
	Parameter C_HAS_SPO bound to: 1 - type: integer 
	Parameter C_HAS_WE bound to: 0 - type: integer 
	Parameter C_MEM_INIT_FILE bound to: sin_lut.mif - type: string 
	Parameter C_ELABORATION_DIR bound to: ./ - type: string 
	Parameter C_MEM_TYPE bound to: 0 - type: integer 
	Parameter C_PIPELINE_STAGES bound to: 0 - type: integer 
	Parameter C_QCE_JOINED bound to: 0 - type: integer 
	Parameter C_QUALIFY_WE bound to: 0 - type: integer 
	Parameter C_READ_MIF bound to: 1 - type: integer 
	Parameter C_REG_A_D_INPUTS bound to: 0 - type: integer 
	Parameter C_REG_DPRA_INPUT bound to: 0 - type: integer 
	Parameter C_SYNC_ENABLE bound to: 1 - type: integer 
	Parameter C_WIDTH bound to: 12 - type: integer 
	Parameter C_PARSER_TYPE bound to: 1 - type: integer 
	Parameter C_FAMILY bound to: artix7 - type: string 
	Parameter C_ADDR_WIDTH bound to: 12 - type: integer 
	Parameter C_DEFAULT_DATA bound to: 0 - type: string 
	Parameter C_DEPTH bound to: 4096 - type: integer 
	Parameter C_HAS_CLK bound to: 0 - type: integer 
	Parameter C_HAS_D bound to: 0 - type: integer 
	Parameter C_HAS_DPO bound to: 0 - type: integer 
	Parameter C_HAS_DPRA bound to: 0 - type: integer 
	Parameter C_HAS_I_CE bound to: 0 - type: integer 
	Parameter C_HAS_QDPO bound to: 0 - type: integer 
	Parameter C_HAS_QDPO_CE bound to: 0 - type: integer 
	Parameter C_HAS_QDPO_CLK bound to: 0 - type: integer 
	Parameter C_HAS_QDPO_RST bound to: 0 - type: integer 
	Parameter C_HAS_QDPO_SRST bound to: 0 - type: integer 
	Parameter C_HAS_QSPO bound to: 0 - type: integer 
	Parameter C_HAS_QSPO_CE bound to: 0 - type: integer 
	Parameter C_HAS_QSPO_RST bound to: 0 - type: integer 
	Parameter C_HAS_QSPO_SRST bound to: 0 - type: integer 
	Parameter C_HAS_SPO bound to: 1 - type: integer 
	Parameter C_HAS_WE bound to: 0 - type: integer 
	Parameter C_MEM_INIT_FILE bound to: sin_lut.mif - type: string 
	Parameter C_ELABORATION_DIR bound to: ./ - type: string 
	Parameter C_MEM_TYPE bound to: 0 - type: integer 
	Parameter C_PIPELINE_STAGES bound to: 0 - type: integer 
	Parameter C_QCE_JOINED bound to: 0 - type: integer 
	Parameter C_QUALIFY_WE bound to: 0 - type: integer 
	Parameter C_READ_MIF bound to: 1 - type: integer 
	Parameter C_REG_A_D_INPUTS bound to: 0 - type: integer 
	Parameter C_REG_DPRA_INPUT bound to: 0 - type: integer 
	Parameter C_SYNC_ENABLE bound to: 1 - type: integer 
	Parameter C_WIDTH bound to: 12 - type: integer 
	Parameter C_PARSER_TYPE bound to: 0 - type: integer 
	Parameter c_addr_width bound to: 12 - type: integer 
	Parameter c_depth bound to: 4096 - type: integer 
	Parameter c_width bound to: 12 - type: integer 
	Parameter c_default_data bound to: 0 - type: string 
	Parameter c_mem_init_file bound to: sin_lut.mif - type: string 
	Parameter c_elaboration_dir bound to: ./ - type: string 
	Parameter c_read_mif bound to: 1 - type: integer 
	Parameter c_reg_a_d_inputs bound to: 0 - type: integer 
	Parameter c_has_clk bound to: 0 - type: integer 
	Parameter c_has_qspo_ce bound to: 0 - type: integer 
	Parameter c_has_qspo_rst bound to: 0 - type: integer 
	Parameter c_has_qspo_srst bound to: 0 - type: integer 
	Parameter c_has_spo bound to: 1 - type: integer 
	Parameter c_has_qspo bound to: 0 - type: integer 
	Parameter c_sync_enable bound to: 1 - type: integer 
	Parameter c_parser_type bound to: 0 - type: integer 
	Parameter c_addr_width bound to: 12 - type: integer 
	Parameter c_depth bound to: 4096 - type: integer 
	Parameter c_width bound to: 12 - type: integer 
	Parameter c_default_data bound to: 0 - type: string 
	Parameter c_mem_init_file bound to: sin_lut.mif - type: string 
	Parameter c_elaboration_dir bound to: ./ - type: string 
	Parameter c_read_mif bound to: 1 - type: integer 
	Parameter c_reg_a_d_inputs bound to: 0 - type: integer 
	Parameter c_has_clk bound to: 0 - type: integer 
	Parameter c_has_qspo_ce bound to: 0 - type: integer 
	Parameter c_has_qspo_rst bound to: 0 - type: integer 
	Parameter c_has_qspo_srst bound to: 0 - type: integer 
	Parameter c_has_spo bound to: 1 - type: integer 
	Parameter c_has_qspo bound to: 0 - type: integer 
	Parameter c_sync_enable bound to: 1 - type: integer 
	Parameter c_parser_type bound to: 0 - type: integer 
INFO: [Synth 8-256] done synthesizing module 'sin_lut' (4#1) [c:/Users/Auora/Desktop/audio_effects/audio_effects.srcs/sources_1/ip/sin_lut/synth/sin_lut.vhd:66]
WARNING: [Synth 8-3331] design rom has unconnected port qspo[11]
WARNING: [Synth 8-3331] design rom has unconnected port qspo[10]
WARNING: [Synth 8-3331] design rom has unconnected port qspo[9]
WARNING: [Synth 8-3331] design rom has unconnected port qspo[8]
WARNING: [Synth 8-3331] design rom has unconnected port qspo[7]
WARNING: [Synth 8-3331] design rom has unconnected port qspo[6]
WARNING: [Synth 8-3331] design rom has unconnected port qspo[5]
WARNING: [Synth 8-3331] design rom has unconnected port qspo[4]
WARNING: [Synth 8-3331] design rom has unconnected port qspo[3]
WARNING: [Synth 8-3331] design rom has unconnected port qspo[2]
WARNING: [Synth 8-3331] design rom has unconnected port qspo[1]
WARNING: [Synth 8-3331] design rom has unconnected port qspo[0]
WARNING: [Synth 8-3331] design rom has unconnected port clk
WARNING: [Synth 8-3331] design rom has unconnected port qspo_ce
WARNING: [Synth 8-3331] design rom has unconnected port qspo_rst
WARNING: [Synth 8-3331] design rom has unconnected port qspo_srst
WARNING: [Synth 8-3331] design dist_mem_gen_v8_0_10_synth has unconnected port dpo[11]
WARNING: [Synth 8-3331] design dist_mem_gen_v8_0_10_synth has unconnected port dpo[10]
WARNING: [Synth 8-3331] design dist_mem_gen_v8_0_10_synth has unconnected port dpo[9]
WARNING: [Synth 8-3331] design dist_mem_gen_v8_0_10_synth has unconnected port dpo[8]
WARNING: [Synth 8-3331] design dist_mem_gen_v8_0_10_synth has unconnected port dpo[7]
WARNING: [Synth 8-3331] design dist_mem_gen_v8_0_10_synth has unconnected port dpo[6]
WARNING: [Synth 8-3331] design dist_mem_gen_v8_0_10_synth has unconnected port dpo[5]
WARNING: [Synth 8-3331] design dist_mem_gen_v8_0_10_synth has unconnected port dpo[4]
WARNING: [Synth 8-3331] design dist_mem_gen_v8_0_10_synth has unconnected port dpo[3]
WARNING: [Synth 8-3331] design dist_mem_gen_v8_0_10_synth has unconnected port dpo[2]
WARNING: [Synth 8-3331] design dist_mem_gen_v8_0_10_synth has unconnected port dpo[1]
WARNING: [Synth 8-3331] design dist_mem_gen_v8_0_10_synth has unconnected port dpo[0]
WARNING: [Synth 8-3331] design dist_mem_gen_v8_0_10_synth has unconnected port qdpo[11]
WARNING: [Synth 8-3331] design dist_mem_gen_v8_0_10_synth has unconnected port qdpo[10]
WARNING: [Synth 8-3331] design dist_mem_gen_v8_0_10_synth has unconnected port qdpo[9]
WARNING: [Synth 8-3331] design dist_mem_gen_v8_0_10_synth has unconnected port qdpo[8]
WARNING: [Synth 8-3331] design dist_mem_gen_v8_0_10_synth has unconnected port qdpo[7]
WARNING: [Synth 8-3331] design dist_mem_gen_v8_0_10_synth has unconnected port qdpo[6]
WARNING: [Synth 8-3331] design dist_mem_gen_v8_0_10_synth has unconnected port qdpo[5]
WARNING: [Synth 8-3331] design dist_mem_gen_v8_0_10_synth has unconnected port qdpo[4]
WARNING: [Synth 8-3331] design dist_mem_gen_v8_0_10_synth has unconnected port qdpo[3]
WARNING: [Synth 8-3331] design dist_mem_gen_v8_0_10_synth has unconnected port qdpo[2]
WARNING: [Synth 8-3331] design dist_mem_gen_v8_0_10_synth has unconnected port qdpo[1]
WARNING: [Synth 8-3331] design dist_mem_gen_v8_0_10_synth has unconnected port qdpo[0]
WARNING: [Synth 8-3331] design dist_mem_gen_v8_0_10_synth has unconnected port d[11]
WARNING: [Synth 8-3331] design dist_mem_gen_v8_0_10_synth has unconnected port d[10]
WARNING: [Synth 8-3331] design dist_mem_gen_v8_0_10_synth has unconnected port d[9]
WARNING: [Synth 8-3331] design dist_mem_gen_v8_0_10_synth has unconnected port d[8]
WARNING: [Synth 8-3331] design dist_mem_gen_v8_0_10_synth has unconnected port d[7]
WARNING: [Synth 8-3331] design dist_mem_gen_v8_0_10_synth has unconnected port d[6]
WARNING: [Synth 8-3331] design dist_mem_gen_v8_0_10_synth has unconnected port d[5]
WARNING: [Synth 8-3331] design dist_mem_gen_v8_0_10_synth has unconnected port d[4]
WARNING: [Synth 8-3331] design dist_mem_gen_v8_0_10_synth has unconnected port d[3]
WARNING: [Synth 8-3331] design dist_mem_gen_v8_0_10_synth has unconnected port d[2]
WARNING: [Synth 8-3331] design dist_mem_gen_v8_0_10_synth has unconnected port d[1]
WARNING: [Synth 8-3331] design dist_mem_gen_v8_0_10_synth has unconnected port d[0]
WARNING: [Synth 8-3331] design dist_mem_gen_v8_0_10_synth has unconnected port dpra[11]
WARNING: [Synth 8-3331] design dist_mem_gen_v8_0_10_synth has unconnected port dpra[10]
WARNING: [Synth 8-3331] design dist_mem_gen_v8_0_10_synth has unconnected port dpra[9]
WARNING: [Synth 8-3331] design dist_mem_gen_v8_0_10_synth has unconnected port dpra[8]
WARNING: [Synth 8-3331] design dist_mem_gen_v8_0_10_synth has unconnected port dpra[7]
WARNING: [Synth 8-3331] design dist_mem_gen_v8_0_10_synth has unconnected port dpra[6]
WARNING: [Synth 8-3331] design dist_mem_gen_v8_0_10_synth has unconnected port dpra[5]
WARNING: [Synth 8-3331] design dist_mem_gen_v8_0_10_synth has unconnected port dpra[4]
WARNING: [Synth 8-3331] design dist_mem_gen_v8_0_10_synth has unconnected port dpra[3]
WARNING: [Synth 8-3331] design dist_mem_gen_v8_0_10_synth has unconnected port dpra[2]
WARNING: [Synth 8-3331] design dist_mem_gen_v8_0_10_synth has unconnected port dpra[1]
WARNING: [Synth 8-3331] design dist_mem_gen_v8_0_10_synth has unconnected port dpra[0]
WARNING: [Synth 8-3331] design dist_mem_gen_v8_0_10_synth has unconnected port we
WARNING: [Synth 8-3331] design dist_mem_gen_v8_0_10_synth has unconnected port i_ce
WARNING: [Synth 8-3331] design dist_mem_gen_v8_0_10_synth has unconnected port qdpo_ce
WARNING: [Synth 8-3331] design dist_mem_gen_v8_0_10_synth has unconnected port qdpo_clk
WARNING: [Synth 8-3331] design dist_mem_gen_v8_0_10_synth has unconnected port qdpo_rst
WARNING: [Synth 8-3331] design dist_mem_gen_v8_0_10_synth has unconnected port qdpo_srst
WARNING: [Synth 8-3331] design dist_mem_gen_v8_0_10 has unconnected port d[11]
WARNING: [Synth 8-3331] design dist_mem_gen_v8_0_10 has unconnected port d[10]
WARNING: [Synth 8-3331] design dist_mem_gen_v8_0_10 has unconnected port d[9]
WARNING: [Synth 8-3331] design dist_mem_gen_v8_0_10 has unconnected port d[8]
WARNING: [Synth 8-3331] design dist_mem_gen_v8_0_10 has unconnected port d[7]
WARNING: [Synth 8-3331] design dist_mem_gen_v8_0_10 has unconnected port d[6]
WARNING: [Synth 8-3331] design dist_mem_gen_v8_0_10 has unconnected port d[5]
WARNING: [Synth 8-3331] design dist_mem_gen_v8_0_10 has unconnected port d[4]
WARNING: [Synth 8-3331] design dist_mem_gen_v8_0_10 has unconnected port d[3]
WARNING: [Synth 8-3331] design dist_mem_gen_v8_0_10 has unconnected port d[2]
WARNING: [Synth 8-3331] design dist_mem_gen_v8_0_10 has unconnected port d[1]
WARNING: [Synth 8-3331] design dist_mem_gen_v8_0_10 has unconnected port d[0]
WARNING: [Synth 8-3331] design dist_mem_gen_v8_0_10 has unconnected port dpra[11]
WARNING: [Synth 8-3331] design dist_mem_gen_v8_0_10 has unconnected port dpra[10]
WARNING: [Synth 8-3331] design dist_mem_gen_v8_0_10 has unconnected port dpra[9]
WARNING: [Synth 8-3331] design dist_mem_gen_v8_0_10 has unconnected port dpra[8]
WARNING: [Synth 8-3331] design dist_mem_gen_v8_0_10 has unconnected port dpra[7]
WARNING: [Synth 8-3331] design dist_mem_gen_v8_0_10 has unconnected port dpra[6]
WARNING: [Synth 8-3331] design dist_mem_gen_v8_0_10 has unconnected port dpra[5]
WARNING: [Synth 8-3331] design dist_mem_gen_v8_0_10 has unconnected port dpra[4]
WARNING: [Synth 8-3331] design dist_mem_gen_v8_0_10 has unconnected port dpra[3]
WARNING: [Synth 8-3331] design dist_mem_gen_v8_0_10 has unconnected port dpra[2]
WARNING: [Synth 8-3331] design dist_mem_gen_v8_0_10 has unconnected port dpra[1]
WARNING: [Synth 8-3331] design dist_mem_gen_v8_0_10 has unconnected port dpra[0]
WARNING: [Synth 8-3331] design dist_mem_gen_v8_0_10 has unconnected port clk
WARNING: [Synth 8-3331] design dist_mem_gen_v8_0_10 has unconnected port we
WARNING: [Synth 8-3331] design dist_mem_gen_v8_0_10 has unconnected port i_ce
WARNING: [Synth 8-3331] design dist_mem_gen_v8_0_10 has unconnected port qspo_ce
WARNING: [Synth 8-3331] design dist_mem_gen_v8_0_10 has unconnected port qdpo_ce
WARNING: [Synth 8-3331] design dist_mem_gen_v8_0_10 has unconnected port qdpo_clk
INFO: [Common 17-14] Message 'Synth 8-3331' appears 100 times and further instances of the messages will be disabled. Use the Tcl command set_msg_config to change the current settings.
---------------------------------------------------------------------------------
Finished RTL Elaboration : Time (s): cpu = 00:01:15 ; elapsed = 00:01:19 . Memory (MB): peak = 831.676 ; gain = 624.785
---------------------------------------------------------------------------------

Report Check Netlist: 
+------+------------------+-------+---------+-------+------------------+
|      |Item              |Errors |Warnings |Status |Description       |
+------+------------------+-------+---------+-------+------------------+
|1     |multi_driven_nets |      0|        0|Passed |Multi driven nets |
+------+------------------+-------+---------+-------+------------------+
---------------------------------------------------------------------------------
Finished RTL Optimization Phase 1 : Time (s): cpu = 00:01:15 ; elapsed = 00:01:19 . Memory (MB): peak = 831.676 ; gain = 624.785
---------------------------------------------------------------------------------
INFO: [Device 21-403] Loading part xc7a35tcpg236-1
INFO: [Project 1-570] Preparing netlist for logic optimization

Processing XDC Constraints
Initializing timing engine
Parsing XDC File [c:/Users/Auora/Desktop/audio_effects/audio_effects.srcs/sources_1/ip/sin_lut/sin_lut_ooc.xdc] for cell 'U0'
Finished Parsing XDC File [c:/Users/Auora/Desktop/audio_effects/audio_effects.srcs/sources_1/ip/sin_lut/sin_lut_ooc.xdc] for cell 'U0'
Parsing XDC File [C:/Users/Auora/Desktop/audio_effects/audio_effects.runs/sin_lut_synth_1/dont_touch.xdc]
Finished Parsing XDC File [C:/Users/Auora/Desktop/audio_effects/audio_effects.runs/sin_lut_synth_1/dont_touch.xdc]
Completed Processing XDC Constraints

INFO: [Project 1-111] Unisim Transformation Summary:
No Unisim elements were transformed.

Constraint Validation Runtime : Time (s): cpu = 00:00:00 ; elapsed = 00:00:00.016 . Memory (MB): peak = 845.207 ; gain = 0.000
---------------------------------------------------------------------------------
Finished Constraint Validation : Time (s): cpu = 00:01:24 ; elapsed = 00:01:28 . Memory (MB): peak = 845.207 ; gain = 638.316
---------------------------------------------------------------------------------
---------------------------------------------------------------------------------
Start Loading Part and Timing Information
---------------------------------------------------------------------------------
Loading part: xc7a35tcpg236-1
---------------------------------------------------------------------------------
Finished Loading Part and Timing Information : Time (s): cpu = 00:01:24 ; elapsed = 00:01:28 . Memory (MB): peak = 845.207 ; gain = 638.316
---------------------------------------------------------------------------------
---------------------------------------------------------------------------------
Start Applying 'set_property' XDC Constraints
---------------------------------------------------------------------------------
Applied set_property DONT_TOUCH = true for U0. (constraint file  auto generated constraint, line ).
---------------------------------------------------------------------------------
Finished applying 'set_property' XDC Constraints : Time (s): cpu = 00:01:24 ; elapsed = 00:01:28 . Memory (MB): peak = 845.207 ; gain = 638.316
---------------------------------------------------------------------------------
---------------------------------------------------------------------------------
Finished RTL Optimization Phase 2 : Time (s): cpu = 00:01:26 ; elapsed = 00:01:31 . Memory (MB): peak = 845.207 ; gain = 638.316
---------------------------------------------------------------------------------

Report RTL Partitions: 
+-+--------------+------------+----------+
| |RTL Partition |Replication |Instances |
+-+--------------+------------+----------+
+-+--------------+------------+----------+
---------------------------------------------------------------------------------
Start RTL Component Statistics 
---------------------------------------------------------------------------------
Detailed RTL Component Info : 
---------------------------------------------------------------------------------
Finished RTL Component Statistics 
---------------------------------------------------------------------------------
---------------------------------------------------------------------------------
Start RTL Hierarchical Component Statistics 
---------------------------------------------------------------------------------
Hierarchical RTL Component report 
---------------------------------------------------------------------------------
Finished RTL Hierarchical Component Statistics
---------------------------------------------------------------------------------
---------------------------------------------------------------------------------
Start Part Resource Summary
---------------------------------------------------------------------------------
Part Resources:
DSPs: 90 (col length:60)
BRAMs: 100 (col length: RAMB18 60 RAMB36 30)
---------------------------------------------------------------------------------
Finished Part Resource Summary
---------------------------------------------------------------------------------
Start Parallel Synthesis Optimization  : Time (s): cpu = 00:01:27 ; elapsed = 00:01:31 . Memory (MB): peak = 845.207 ; gain = 638.316
---------------------------------------------------------------------------------
Start Cross Boundary Optimization
---------------------------------------------------------------------------------
---------------------------------------------------------------------------------
Finished Cross Boundary Optimization : Time (s): cpu = 00:01:36 ; elapsed = 00:01:40 . Memory (MB): peak = 862.059 ; gain = 655.168
---------------------------------------------------------------------------------
Finished Parallel Reinference  : Time (s): cpu = 00:01:36 ; elapsed = 00:01:40 . Memory (MB): peak = 862.059 ; gain = 655.168

Report RTL Partitions: 
+-+--------------+------------+----------+
| |RTL Partition |Replication |Instances |
+-+--------------+------------+----------+
+-+--------------+------------+----------+
---------------------------------------------------------------------------------
Start ROM, RAM, DSP and Shift Register Reporting
---------------------------------------------------------------------------------

ROM:
+---------------------+--------------------------------------------------------+---------------+----------------+
|Module Name          | RTL Object                                             | Depth x Width | Implemented As | 
+---------------------+--------------------------------------------------------+---------------+----------------+
|rom                  | rom[4095]                                              | 4096x12       | LUT            | 
|dist_mem_gen_v8_0_10 | synth_options.dist_mem_inst/gen_rom.rom_inst/rom[4095] | 4096x12       | LUT            | 
+---------------------+--------------------------------------------------------+---------------+----------------+

---------------------------------------------------------------------------------
Finished ROM, RAM, DSP and Shift Register Reporting
---------------------------------------------------------------------------------
---------------------------------------------------------------------------------
Start Area Optimization
---------------------------------------------------------------------------------
---------------------------------------------------------------------------------
Finished Area Optimization : Time (s): cpu = 00:01:38 ; elapsed = 00:01:43 . Memory (MB): peak = 862.059 ; gain = 655.168
---------------------------------------------------------------------------------
Finished Parallel Area Optimization  : Time (s): cpu = 00:01:38 ; elapsed = 00:01:43 . Memory (MB): peak = 862.059 ; gain = 655.168

Report RTL Partitions: 
+-+--------------+------------+----------+
| |RTL Partition |Replication |Instances |
+-+--------------+------------+----------+
+-+--------------+------------+----------+
---------------------------------------------------------------------------------
Start Timing Optimization
---------------------------------------------------------------------------------
---------------------------------------------------------------------------------
Start Applying XDC Timing Constraints
---------------------------------------------------------------------------------
---------------------------------------------------------------------------------
Finished Applying XDC Timing Constraints : Time (s): cpu = 00:01:48 ; elapsed = 00:01:53 . Memory (MB): peak = 862.059 ; gain = 655.168
---------------------------------------------------------------------------------
---------------------------------------------------------------------------------
Finished Timing Optimization : Time (s): cpu = 00:01:49 ; elapsed = 00:01:53 . Memory (MB): peak = 862.059 ; gain = 655.168
---------------------------------------------------------------------------------

Report RTL Partitions: 
+-+--------------+------------+----------+
| |RTL Partition |Replication |Instances |
+-+--------------+------------+----------+
+-+--------------+------------+----------+
---------------------------------------------------------------------------------
Start Technology Mapping
---------------------------------------------------------------------------------
---------------------------------------------------------------------------------
Finished Technology Mapping : Time (s): cpu = 00:01:49 ; elapsed = 00:01:54 . Memory (MB): peak = 862.059 ; gain = 655.168
---------------------------------------------------------------------------------
Finished Parallel Technology Mapping Optimization  : Time (s): cpu = 00:01:49 ; elapsed = 00:01:54 . Memory (MB): peak = 862.059 ; gain = 655.168

Report RTL Partitions: 
+-+--------------+------------+----------+
| |RTL Partition |Replication |Instances |
+-+--------------+------------+----------+
+-+--------------+------------+----------+
Finished Parallel Synthesis Optimization  : Time (s): cpu = 00:01:49 ; elapsed = 00:01:54 . Memory (MB): peak = 862.059 ; gain = 655.168
---------------------------------------------------------------------------------
Start IO Insertion
---------------------------------------------------------------------------------
---------------------------------------------------------------------------------
Start Flattening Before IO Insertion
---------------------------------------------------------------------------------
---------------------------------------------------------------------------------
Finished Flattening Before IO Insertion
---------------------------------------------------------------------------------
---------------------------------------------------------------------------------
Start Final Netlist Cleanup
---------------------------------------------------------------------------------
---------------------------------------------------------------------------------
Finished Final Netlist Cleanup
---------------------------------------------------------------------------------
---------------------------------------------------------------------------------
Finished IO Insertion : Time (s): cpu = 00:01:50 ; elapsed = 00:01:54 . Memory (MB): peak = 862.059 ; gain = 655.168
---------------------------------------------------------------------------------

Report Check Netlist: 
+------+------------------+-------+---------+-------+------------------+
|      |Item              |Errors |Warnings |Status |Description       |
+------+------------------+-------+---------+-------+------------------+
|1     |multi_driven_nets |      0|        0|Passed |Multi driven nets |
+------+------------------+-------+---------+-------+------------------+
---------------------------------------------------------------------------------
Start Renaming Generated Instances
---------------------------------------------------------------------------------
---------------------------------------------------------------------------------
Finished Renaming Generated Instances : Time (s): cpu = 00:01:50 ; elapsed = 00:01:54 . Memory (MB): peak = 862.059 ; gain = 655.168
---------------------------------------------------------------------------------

Report RTL Partitions: 
+-+--------------+------------+----------+
| |RTL Partition |Replication |Instances |
+-+--------------+------------+----------+
+-+--------------+------------+----------+
---------------------------------------------------------------------------------
Start Rebuilding User Hierarchy
---------------------------------------------------------------------------------
---------------------------------------------------------------------------------
Finished Rebuilding User Hierarchy : Time (s): cpu = 00:01:50 ; elapsed = 00:01:55 . Memory (MB): peak = 862.059 ; gain = 655.168
---------------------------------------------------------------------------------
---------------------------------------------------------------------------------
Start Renaming Generated Ports
---------------------------------------------------------------------------------
---------------------------------------------------------------------------------
Finished Renaming Generated Ports : Time (s): cpu = 00:01:50 ; elapsed = 00:01:55 . Memory (MB): peak = 862.059 ; gain = 655.168
---------------------------------------------------------------------------------
---------------------------------------------------------------------------------
Start Handling Custom Attributes
---------------------------------------------------------------------------------
---------------------------------------------------------------------------------
Finished Handling Custom Attributes : Time (s): cpu = 00:01:50 ; elapsed = 00:01:55 . Memory (MB): peak = 862.059 ; gain = 655.168
---------------------------------------------------------------------------------
---------------------------------------------------------------------------------
Start Renaming Generated Nets
---------------------------------------------------------------------------------
---------------------------------------------------------------------------------
Finished Renaming Generated Nets : Time (s): cpu = 00:01:50 ; elapsed = 00:01:55 . Memory (MB): peak = 862.059 ; gain = 655.168
---------------------------------------------------------------------------------
---------------------------------------------------------------------------------
Start Writing Synthesis Report
---------------------------------------------------------------------------------

Report BlackBoxes: 
+-+--------------+----------+
| |BlackBox name |Instances |
+-+--------------+----------+
+-+--------------+----------+

Report Cell Usage: 
+------+------+------+
|      |Cell  |Count |
+------+------+------+
|1     |LUT2  |     1|
|2     |LUT3  |    12|
|3     |LUT4  |    10|
|4     |LUT5  |    59|
|5     |LUT6  |   515|
|6     |MUXF7 |   220|
|7     |MUXF8 |     4|
+------+------+------+

Report Instance Areas: 
+------+---------+---------------------+------+
|      |Instance |Module               |Cells |
+------+---------+---------------------+------+
|1     |top      |                     |   821|
|2     |  U0     |dist_mem_gen_v8_0_10 |   821|
+------+---------+---------------------+------+
---------------------------------------------------------------------------------
Finished Writing Synthesis Report : Time (s): cpu = 00:01:50 ; elapsed = 00:01:55 . Memory (MB): peak = 862.059 ; gain = 655.168
---------------------------------------------------------------------------------
Synthesis finished with 0 errors, 0 critical warnings and 70 warnings.
Synthesis Optimization Runtime : Time (s): cpu = 00:00:30 ; elapsed = 00:01:46 . Memory (MB): peak = 862.059 ; gain = 637.379
Synthesis Optimization Complete : Time (s): cpu = 00:01:50 ; elapsed = 00:01:55 . Memory (MB): peak = 862.059 ; gain = 655.168
INFO: [Project 1-571] Translating synthesized netlist
INFO: [Project 1-570] Preparing netlist for logic optimization
Parsing XDC File [c:/Users/Auora/Desktop/audio_effects/audio_effects.srcs/sources_1/ip/sin_lut/sin_lut_ooc.xdc] for cell 'U0'
Finished Parsing XDC File [c:/Users/Auora/Desktop/audio_effects/audio_effects.srcs/sources_1/ip/sin_lut/sin_lut_ooc.xdc] for cell 'U0'
INFO: [Opt 31-138] Pushed 0 inverter(s) to 0 load pin(s).
INFO: [Project 1-111] Unisim Transformation Summary:
No Unisim elements were transformed.

INFO: [Common 17-83] Releasing license: Synthesis
13 Infos, 100 Warnings, 0 Critical Warnings and 0 Errors encountered.
synth_design completed successfully
synth_design: Time (s): cpu = 00:01:49 ; elapsed = 00:01:53 . Memory (MB): peak = 862.059 ; gain = 650.910
report_utilization: Time (s): cpu = 00:00:01 ; elapsed = 00:00:00.017 . Memory (MB): peak = 862.059 ; gain = 0.000
INFO: [Common 17-206] Exiting Vivado at Sat Apr 07 23:00:07 2018...
